#
# There is insufficient memory for the Java Runtime Environment to continue.
# Native memory allocation (mmap) failed to map 65536 bytes for Failed to commit metaspace.
# Possible reasons:
#   The system is out of physical RAM or swap space
#   The process is running with CompressedOops enabled, and the Java Heap may be blocking the growth of the native heap
# Possible solutions:
#   Reduce memory load on the system
#   Increase physical memory or swap space
#   Check if swap backing store is full
#   Decrease Java heap size (-Xmx/-Xms)
#   Decrease number of Java threads
#   Decrease Java thread stack sizes (-Xss)
#   Set larger code cache with -XX:ReservedCodeCacheSize=
#   JVM is running with Unscaled Compressed Oops mode in which the Java heap is
#     placed in the first 4GB address space. The Java Heap base address is the
#     maximum limit for the native heap growth. Please use -XX:HeapBaseMinAddress
#     to set the Java Heap base and to place the Java Heap above 4GB virtual address.
# This output file may be truncated or incomplete.
#
#  Out of Memory Error (virtualSpaceNode.cpp:110), pid=9076, tid=10076
#
# JRE version: OpenJDK Runtime Environment (17.0.7) (build 17.0.7+0-b2043.56-10550314)
# Java VM: OpenJDK 64-Bit Server VM (17.0.7+0-b2043.56-10550314, mixed mode, tiered, compressed oops, compressed class ptrs, g1 gc, windows-amd64)
# No core dump will be written. Minidumps are not enabled by default on client versions of Windows
#

---------------  S U M M A R Y ------------

Command Line: --add-opens=java.base/java.util=ALL-UNNAMED --add-opens=java.base/java.lang=ALL-UNNAMED --add-opens=java.base/java.lang.invoke=ALL-UNNAMED --add-opens=java.base/java.util=ALL-UNNAMED --add-opens=java.prefs/java.util.prefs=ALL-UNNAMED --add-opens=java.prefs/java.util.prefs=ALL-UNNAMED --add-opens=java.base/java.nio.charset=ALL-UNNAMED --add-opens=java.base/java.net=ALL-UNNAMED --add-opens=java.base/java.util.concurrent.atomic=ALL-UNNAMED -Xmx1536m -Dfile.encoding=windows-1252 -Duser.country=IN -Duser.language=en -Duser.variant org.gradle.launcher.daemon.bootstrap.GradleDaemon 7.5

Host: 11th Gen Intel(R) Core(TM) i3-1115G4 @ 3.00GHz, 4 cores, 7G,  Windows 11 , 64 bit Build 22621 (10.0.22621.3085)
Time: Sat Apr 20 13:00:47 2024 India Standard Time elapsed time: 14.576065 seconds (0d 0h 0m 14s)

---------------  T H R E A D  ---------------

Current thread (0x000001d493ecc690):  JavaThread "Daemon worker" [_thread_in_vm, id=10076, stack(0x00000069fa400000,0x00000069fa500000)]

Stack: [0x00000069fa400000,0x00000069fa500000]
Native frames: (J=compiled Java code, j=interpreted, Vv=VM code, C=native code)
V  [jvm.dll+0x683bfa]
V  [jvm.dll+0x8430a4]
V  [jvm.dll+0x8449be]
V  [jvm.dll+0x845023]
V  [jvm.dll+0x24ad2f]
V  [jvm.dll+0x83e45b]
V  [jvm.dll+0x6281e6]
V  [jvm.dll+0x1c29ee]
V  [jvm.dll+0x62ab31]
V  [jvm.dll+0x628b86]
V  [jvm.dll+0x23ec1f]
V  [jvm.dll+0x632a15]
V  [jvm.dll+0x1eea7b]
V  [jvm.dll+0x1eefb5]
V  [jvm.dll+0x1ef8d4]
V  [jvm.dll+0x1e4e1c]
V  [jvm.dll+0x54a1dd]
V  [jvm.dll+0x7bd775]
V  [jvm.dll+0x7bd88e]
V  [jvm.dll+0x413a8a]
V  [jvm.dll+0x419c09]
C  [java.dll+0x17ec]

Java frames: (J=compiled Java code, j=interpreted, Vv=VM code)
J 797  java.lang.ClassLoader.defineClass1(Ljava/lang/ClassLoader;Ljava/lang/String;[BIILjava/security/ProtectionDomain;Ljava/lang/String;)Ljava/lang/Class; java.base@17.0.7 (0 bytes) @ 0x000001d487b1ae5b [0x000001d487b1ada0+0x00000000000000bb]
J 3858 c2 java.security.SecureClassLoader.defineClass(Ljava/lang/String;[BIILjava/security/CodeSource;)Ljava/lang/Class; java.base@17.0.7 (16 bytes) @ 0x000001d487d413f4 [0x000001d487d40e00+0x00000000000005f4]
J 3572 c1 java.net.URLClassLoader.defineClass(Ljava/lang/String;Ljdk/internal/loader/Resource;)Ljava/lang/Class; java.base@17.0.7 (224 bytes) @ 0x000001d4807054c4 [0x000001d480703ea0+0x0000000000001624]
J 3573 c1 java.net.URLClassLoader$1.run()Ljava/lang/Class; java.base@17.0.7 (81 bytes) @ 0x000001d480707484 [0x000001d480706840+0x0000000000000c44]
J 2139 c2 java.net.URLClassLoader.findClass(Ljava/lang/String;)Ljava/lang/Class; java.base@17.0.7 (47 bytes) @ 0x000001d487c07ac0 [0x000001d487c07a00+0x00000000000000c0]
J 2848 c1 java.lang.ClassLoader.loadClass(Ljava/lang/String;Z)Ljava/lang/Class; java.base@17.0.7 (121 bytes) @ 0x000001d4805b70dc [0x000001d4805b6b40+0x000000000000059c]
J 629 c1 java.lang.ClassLoader.loadClass(Ljava/lang/String;)Ljava/lang/Class; java.base@17.0.7 (7 bytes) @ 0x000001d4801051bc [0x000001d4801050c0+0x00000000000000fc]
v  ~StubRoutines::call_stub
J 797  java.lang.ClassLoader.defineClass1(Ljava/lang/ClassLoader;Ljava/lang/String;[BIILjava/security/ProtectionDomain;Ljava/lang/String;)Ljava/lang/Class; java.base@17.0.7 (0 bytes) @ 0x000001d487b1ae5b [0x000001d487b1ada0+0x00000000000000bb]
J 3858 c2 java.security.SecureClassLoader.defineClass(Ljava/lang/String;[BIILjava/security/CodeSource;)Ljava/lang/Class; java.base@17.0.7 (16 bytes) @ 0x000001d487d413f4 [0x000001d487d40e00+0x00000000000005f4]
J 3572 c1 java.net.URLClassLoader.defineClass(Ljava/lang/String;Ljdk/internal/loader/Resource;)Ljava/lang/Class; java.base@17.0.7 (224 bytes) @ 0x000001d4807054c4 [0x000001d480703ea0+0x0000000000001624]
J 3573 c1 java.net.URLClassLoader$1.run()Ljava/lang/Class; java.base@17.0.7 (81 bytes) @ 0x000001d480707484 [0x000001d480706840+0x0000000000000c44]
J 2139 c2 java.net.URLClassLoader.findClass(Ljava/lang/String;)Ljava/lang/Class; java.base@17.0.7 (47 bytes) @ 0x000001d487c07ac0 [0x000001d487c07a00+0x00000000000000c0]
J 2848 c1 java.lang.ClassLoader.loadClass(Ljava/lang/String;Z)Ljava/lang/Class; java.base@17.0.7 (121 bytes) @ 0x000001d4805b70dc [0x000001d4805b6b40+0x000000000000059c]
J 629 c1 java.lang.ClassLoader.loadClass(Ljava/lang/String;)Ljava/lang/Class; java.base@17.0.7 (7 bytes) @ 0x000001d4801051bc [0x000001d4801050c0+0x00000000000000fc]
v  ~StubRoutines::call_stub
j  kotlin.collections.CollectionsKt__CollectionsKt.listOf([Ljava/lang/Object;)Ljava/util/List;+12
j  org.gradle.kotlin.dsl.tooling.builders.KotlinBuildScriptTemplateModelBuilder.<clinit>()V+26
v  ~StubRoutines::call_stub
j  org.gradle.kotlin.dsl.tooling.builders.KotlinScriptingModelBuildersRegistrationAction.execute(Lorg/gradle/api/internal/project/ProjectInternal;)V+65
j  org.gradle.kotlin.dsl.tooling.builders.KotlinScriptingModelBuildersRegistrationAction.execute(Ljava/lang/Object;)V+5
j  org.gradle.configuration.project.PluginsProjectConfigureActions.execute(Lorg/gradle/api/internal/project/ProjectInternal;)V+31
j  org.gradle.configuration.project.PluginsProjectConfigureActions.execute(Ljava/lang/Object;)V+5
j  org.gradle.configuration.project.ConfigureActionsProjectEvaluator.evaluate(Lorg/gradle/api/internal/project/ProjectInternal;Lorg/gradle/api/internal/project/ProjectStateInternal;)V+33
j  org.gradle.configuration.project.LifecycleProjectEvaluator$EvaluateProject.lambda$run$0(Lorg/gradle/internal/operations/BuildOperationContext;Lorg/gradle/api/internal/project/ProjectInternal;)V+67
j  org.gradle.configuration.project.LifecycleProjectEvaluator$EvaluateProject$$Lambda$460+0x00000001005bcc20.accept(Ljava/lang/Object;)V+12
j  org.gradle.api.internal.project.DefaultProjectStateRegistry$ProjectStateImpl.lambda$applyToMutableState$0(Ljava/util/function/Consumer;Lorg/gradle/api/internal/project/ProjectInternal;)Ljava/lang/Object;+2
j  org.gradle.api.internal.project.DefaultProjectStateRegistry$ProjectStateImpl$$Lambda$461+0x00000001005bce78.apply(Ljava/lang/Object;)Ljava/lang/Object;+8
j  org.gradle.api.internal.project.DefaultProjectStateRegistry$ProjectStateImpl.lambda$fromMutableState$1(Ljava/util/function/Function;)Ljava/lang/Object;+5
j  org.gradle.api.internal.project.DefaultProjectStateRegistry$ProjectStateImpl$$Lambda$462+0x00000001005bd0e0.create()Ljava/lang/Object;+8
j  org.gradle.internal.work.DefaultWorkerLeaseService.withReplacedLocks(Ljava/util/Collection;Lorg/gradle/internal/resources/ResourceLock;Lorg/gradle/internal/Factory;)Ljava/lang/Object;+40
j  org.gradle.api.internal.project.DefaultProjectStateRegistry$ProjectStateImpl.fromMutableState(Ljava/util/function/Function;)Ljava/lang/Object;+132
j  org.gradle.api.internal.project.DefaultProjectStateRegistry$ProjectStateImpl.applyToMutableState(Ljava/util/function/Consumer;)V+7
j  org.gradle.configuration.project.LifecycleProjectEvaluator$EvaluateProject.run(Lorg/gradle/internal/operations/BuildOperationContext;)V+16
j  org.gradle.internal.operations.DefaultBuildOperationRunner$1.execute(Lorg/gradle/internal/operations/RunnableBuildOperation;Lorg/gradle/internal/operations/BuildOperationContext;)V+2
j  org.gradle.internal.operations.DefaultBuildOperationRunner$1.execute(Lorg/gradle/internal/operations/BuildOperation;Lorg/gradle/internal/operations/BuildOperationContext;)V+6
j  org.gradle.internal.operations.DefaultBuildOperationRunner$2.execute(Lorg/gradle/internal/operations/BuildOperationDescriptor;Lorg/gradle/internal/operations/BuildOperationState;Lorg/gradle/internal/operations/BuildOperationState;Lorg/gradle/internal/operations/DefaultBuildOperationRunner$ReadableBuildOperationContext;Lorg/gradle/internal/operations/DefaultBuildOperationRunner$BuildOperationExecutionListener;)Lorg/gradle/internal/operations/BuildOperation;+22
j  org.gradle.internal.operations.DefaultBuildOperationRunner$2.execute(Lorg/gradle/internal/operations/BuildOperationDescriptor;Lorg/gradle/internal/operations/BuildOperationState;Lorg/gradle/internal/operations/BuildOperationState;Lorg/gradle/internal/operations/DefaultBuildOperationRunner$ReadableBuildOperationContext;Lorg/gradle/internal/operations/DefaultBuildOperationRunner$BuildOperationExecutionListener;)Ljava/lang/Object;+8
j  org.gradle.internal.operations.DefaultBuildOperationRunner.execute(Lorg/gradle/internal/operations/BuildOperationDescriptor$Builder;Lorg/gradle/internal/operations/BuildOperationState;Lorg/gradle/internal/operations/DefaultBuildOperationRunner$BuildOperationExecution;)Ljava/lang/Object;+141
j  org.gradle.internal.operations.DefaultBuildOperationRunner.execute(Lorg/gradle/internal/operations/BuildOperation;Lorg/gradle/internal/operations/BuildOperationWorker;Lorg/gradle/internal/operations/BuildOperationState;)V+18
j  org.gradle.internal.operations.DefaultBuildOperationRunner.run(Lorg/gradle/internal/operations/RunnableBuildOperation;)V+9
j  org.gradle.internal.operations.DefaultBuildOperationExecutor.run(Lorg/gradle/internal/operations/RunnableBuildOperation;)V+5
j  org.gradle.configuration.project.LifecycleProjectEvaluator.evaluate(Lorg/gradle/api/internal/project/ProjectInternal;Lorg/gradle/api/internal/project/ProjectStateInternal;)V+42
j  org.gradle.api.internal.project.DefaultProject.evaluate()Lorg/gradle/api/internal/project/DefaultProject;+9
j  org.gradle.api.internal.project.DefaultProject.evaluate()Lorg/gradle/api/Project;+1
j  org.gradle.api.internal.project.ProjectLifecycleController.lambda$ensureSelfConfigured$1()V+4
j  org.gradle.api.internal.project.ProjectLifecycleController$$Lambda$457+0x00000001005b7078.run()V+4
j  org.gradle.internal.model.StateTransitionController.lambda$doTransition$12(Ljava/lang/Runnable;)Lorg/gradle/internal/build/ExecutionResult;+1
j  org.gradle.internal.model.StateTransitionController$$Lambda$219+0x00000001003ec5a8.get()Ljava/lang/Object;+4
j  org.gradle.internal.model.StateTransitionController.doTransition(Lorg/gradle/internal/model/StateTransitionController$State;Lorg/gradle/internal/model/StateTransitionController$State;Ljava/util/function/Supplier;)Lorg/gradle/internal/build/ExecutionResult;+24
j  org.gradle.internal.model.StateTransitionController.doTransition(Lorg/gradle/internal/model/StateTransitionController$State;Lorg/gradle/internal/model/StateTransitionController$State;Ljava/lang/Runnable;)V+9
j  org.gradle.internal.model.StateTransitionController.lambda$maybeTransitionIfNotCurrentlyTransitioning$9(Lorg/gradle/internal/model/StateTransitionController$State;Lorg/gradle/internal/model/StateTransitionController$State;Ljava/lang/Runnable;)V+16
j  org.gradle.internal.model.StateTransitionController$$Lambda$458+0x00000001005b72c0.run()V+16
j  org.gradle.internal.work.DefaultSynchronizer.withLock(Ljava/lang/Runnable;)V+6
j  org.gradle.internal.model.StateTransitionController.maybeTransitionIfNotCurrentlyTransitioning(Lorg/gradle/internal/model/StateTransitionController$State;Lorg/gradle/internal/model/StateTransitionController$State;Ljava/lang/Runnable;)V+13
j  org.gradle.api.internal.project.ProjectLifecycleController.ensureSelfConfigured()V+16
j  org.gradle.api.internal.project.DefaultProjectStateRegistry$ProjectStateImpl.ensureConfigured()V+19
j  org.gradle.execution.TaskPathProjectEvaluator.configure(Lorg/gradle/api/internal/project/ProjectInternal;)V+6
j  org.gradle.execution.TaskPathProjectEvaluator.configureHierarchy(Lorg/gradle/api/internal/project/ProjectInternal;)V+2
j  org.gradle.configuration.DefaultProjectsPreparer.prepareProjects(Lorg/gradle/api/internal/GradleInternal;)V+29
j  org.gradle.configuration.BuildTreePreparingProjectsPreparer.prepareProjects(Lorg/gradle/api/internal/GradleInternal;)V+116
j  org.gradle.configuration.BuildOperationFiringProjectsPreparer$ConfigureBuild.run(Lorg/gradle/internal/operations/BuildOperationContext;)V+11
j  org.gradle.internal.operations.DefaultBuildOperationRunner$1.execute(Lorg/gradle/internal/operations/RunnableBuildOperation;Lorg/gradle/internal/operations/BuildOperationContext;)V+2
j  org.gradle.internal.operations.DefaultBuildOperationRunner$1.execute(Lorg/gradle/internal/operations/BuildOperation;Lorg/gradle/internal/operations/BuildOperationContext;)V+6
j  org.gradle.internal.operations.DefaultBuildOperationRunner$2.execute(Lorg/gradle/internal/operations/BuildOperationDescriptor;Lorg/gradle/internal/operations/BuildOperationState;Lorg/gradle/internal/operations/BuildOperationState;Lorg/gradle/internal/operations/DefaultBuildOperationRunner$ReadableBuildOperationContext;Lorg/gradle/internal/operations/DefaultBuildOperationRunner$BuildOperationExecutionListener;)Lorg/gradle/internal/operations/BuildOperation;+22
j  org.gradle.internal.operations.DefaultBuildOperationRunner$2.execute(Lorg/gradle/internal/operations/BuildOperationDescriptor;Lorg/gradle/internal/operations/BuildOperationState;Lorg/gradle/internal/operations/BuildOperationState;Lorg/gradle/internal/operations/DefaultBuildOperationRunner$ReadableBuildOperationContext;Lorg/gradle/internal/operations/DefaultBuildOperationRunner$BuildOperationExecutionListener;)Ljava/lang/Object;+8
j  org.gradle.internal.operations.DefaultBuildOperationRunner.execute(Lorg/gradle/internal/operations/BuildOperationDescriptor$Builder;Lorg/gradle/internal/operations/BuildOperationState;Lorg/gradle/internal/operations/DefaultBuildOperationRunner$BuildOperationExecution;)Ljava/lang/Object;+141
j  org.gradle.internal.operations.DefaultBuildOperationRunner.execute(Lorg/gradle/internal/operations/BuildOperation;Lorg/gradle/internal/operations/BuildOperationWorker;Lorg/gradle/internal/operations/BuildOperationState;)V+18
j  org.gradle.internal.operations.DefaultBuildOperationRunner.run(Lorg/gradle/internal/operations/RunnableBuildOperation;)V+9
j  org.gradle.internal.operations.DefaultBuildOperationExecutor.run(Lorg/gradle/internal/operations/RunnableBuildOperation;)V+5
j  org.gradle.configuration.BuildOperationFiringProjectsPreparer.prepareProjects(Lorg/gradle/api/internal/GradleInternal;)V+13
j  org.gradle.initialization.VintageBuildModelController.lambda$prepareProjects$3()V+8
j  org.gradle.initialization.VintageBuildModelController$$Lambda$445+0x0000000100597c60.run()V+4
j  org.gradle.internal.model.StateTransitionController.lambda$doTransition$12(Ljava/lang/Runnable;)Lorg/gradle/internal/build/ExecutionResult;+1
j  org.gradle.internal.model.StateTransitionController$$Lambda$219+0x00000001003ec5a8.get()Ljava/lang/Object;+4
j  org.gradle.internal.model.StateTransitionController.doTransition(Lorg/gradle/internal/model/StateTransitionController$State;Lorg/gradle/internal/model/StateTransitionController$State;Ljava/util/function/Supplier;)Lorg/gradle/internal/build/ExecutionResult;+24
j  org.gradle.internal.model.StateTransitionController.doTransition(Lorg/gradle/internal/model/StateTransitionController$State;Lorg/gradle/internal/model/StateTransitionController$State;Ljava/lang/Runnable;)V+9
j  org.gradle.internal.model.StateTransitionController.lambda$transitionIfNotPreviously$10(Lorg/gradle/internal/model/StateTransitionController$State;Lorg/gradle/internal/model/StateTransitionController$State;Ljava/lang/Runnable;)V+16
j  org.gradle.internal.model.StateTransitionController$$Lambda$221+0x00000001003eca38.run()V+16
j  org.gradle.internal.work.DefaultSynchronizer.withLock(Ljava/lang/Runnable;)V+6
j  org.gradle.internal.model.StateTransitionController.transitionIfNotPreviously(Lorg/gradle/internal/model/StateTransitionController$State;Lorg/gradle/internal/model/StateTransitionController$State;Ljava/lang/Runnable;)V+13
j  org.gradle.initialization.VintageBuildModelController.prepareProjects()V+16
j  org.gradle.initialization.VintageBuildModelController.prepareToScheduleTasks()V+5
j  org.gradle.internal.build.DefaultBuildLifecycleController.lambda$prepareToScheduleTasks$2()V+9
j  org.gradle.internal.build.DefaultBuildLifecycleController$$Lambda$217+0x00000001003ec118.run()V+4
j  org.gradle.internal.model.StateTransitionController.lambda$doTransition$12(Ljava/lang/Runnable;)Lorg/gradle/internal/build/ExecutionResult;+1
j  org.gradle.internal.model.StateTransitionController$$Lambda$219+0x00000001003ec5a8.get()Ljava/lang/Object;+4
j  org.gradle.internal.model.StateTransitionController.doTransition(Lorg/gradle/internal/model/StateTransitionController$State;Lorg/gradle/internal/model/StateTransitionController$State;Ljava/util/function/Supplier;)Lorg/gradle/internal/build/ExecutionResult;+24
j  org.gradle.internal.model.StateTransitionController.doTransition(Lorg/gradle/internal/model/StateTransitionController$State;Lorg/gradle/internal/model/StateTransitionController$State;Ljava/lang/Runnable;)V+9
j  org.gradle.internal.model.StateTransitionController.lambda$maybeTransition$8(Lorg/gradle/internal/model/StateTransitionController$State;Lorg/gradle/internal/model/StateTransitionController$State;Ljava/lang/Runnable;)V+16
j  org.gradle.internal.model.StateTransitionController$$Lambda$218+0x00000001003ec360.run()V+16
j  org.gradle.internal.work.DefaultSynchronizer.withLock(Ljava/lang/Runnable;)V+6
j  org.gradle.internal.model.StateTransitionController.maybeTransition(Lorg/gradle/internal/model/StateTransitionController$State;Lorg/gradle/internal/model/StateTransitionController$State;Ljava/lang/Runnable;)V+13
j  org.gradle.internal.build.DefaultBuildLifecycleController.prepareToScheduleTasks()V+16
j  org.gradle.internal.buildtree.DefaultBuildTreeWorkPreparer.scheduleRequestedTasks(Lorg/gradle/internal/buildtree/BuildTreeWorkGraph;)V+4
j  org.gradle.internal.buildtree.DefaultBuildTreeLifecycleController.lambda$doScheduleAndRunTasks$2(Lorg/gradle/internal/buildtree/BuildTreeWorkGraph;)Lorg/gradle/internal/build/ExecutionResult;+5
j  org.gradle.internal.buildtree.DefaultBuildTreeLifecycleController$$Lambda$215+0x00000001003ebc90.apply(Ljava/lang/Object;)Ljava/lang/Object;+8
j  org.gradle.composite.internal.DefaultIncludedBuildTaskGraph.withNewWorkGraph(Ljava/util/function/Function;)Ljava/lang/Object;+30
j  org.gradle.internal.buildtree.DefaultBuildTreeLifecycleController.doScheduleAndRunTasks()Lorg/gradle/internal/build/ExecutionResult;+10
j  org.gradle.internal.buildtree.DefaultBuildTreeLifecycleController$$Lambda$211+0x00000001003eb150.get()Ljava/lang/Object;+4
j  org.gradle.internal.buildtree.DefaultBuildTreeLifecycleController.lambda$runBuild$4(Ljava/util/function/Supplier;)Ljava/lang/Object;+1
j  org.gradle.internal.buildtree.DefaultBuildTreeLifecycleController$$Lambda$212+0x00000001003eb398.get()Ljava/lang/Object;+8
j  org.gradle.internal.model.StateTransitionController.lambda$transition$5(Ljava/util/function/Supplier;)Lorg/gradle/internal/build/ExecutionResult;+1
j  org.gradle.internal.model.StateTransitionController$$Lambda$214+0x00000001003eb828.get()Ljava/lang/Object;+4
j  org.gradle.internal.model.StateTransitionController.doTransition(Lorg/gradle/internal/model/StateTransitionController$State;Lorg/gradle/internal/model/StateTransitionController$State;Ljava/util/function/Supplier;)Lorg/gradle/internal/build/ExecutionResult;+24
j  org.gradle.internal.model.StateTransitionController.lambda$transition$6(Lorg/gradle/internal/model/StateTransitionController$State;Lorg/gradle/internal/model/StateTransitionController$State;Ljava/util/function/Supplier;)Ljava/lang/Object;+9
j  org.gradle.internal.model.StateTransitionController$$Lambda$213+0x00000001003eb5e0.create()Ljava/lang/Object;+16
j  org.gradle.internal.work.DefaultSynchronizer.withLock(Lorg/gradle/internal/Factory;)Ljava/lang/Object;+6
j  org.gradle.internal.model.StateTransitionController.transition(Lorg/gradle/internal/model/StateTransitionController$State;Lorg/gradle/internal/model/StateTransitionController$State;Ljava/util/function/Supplier;)Ljava/lang/Object;+13
j  org.gradle.internal.buildtree.DefaultBuildTreeLifecycleController.runBuild(Ljava/util/function/Supplier;)Ljava/lang/Object;+17
j  org.gradle.internal.buildtree.DefaultBuildTreeLifecycleController.scheduleAndRunTasks()V+7
j  org.gradle.tooling.internal.provider.runner.BuildModelActionRunner.run(Lorg/gradle/internal/invocation/BuildAction;Lorg/gradle/internal/buildtree/BuildTreeLifecycleController;)Lorg/gradle/internal/buildtree/BuildActionRunner$Result;+65
j  org.gradle.launcher.exec.ChainingBuildActionRunner.run(Lorg/gradle/internal/invocation/BuildAction;Lorg/gradle/internal/buildtree/BuildTreeLifecycleController;)Lorg/gradle/internal/buildtree/BuildActionRunner$Result;+34
j  org.gradle.internal.buildtree.ProblemReportingBuildActionRunner.run(Lorg/gradle/internal/invocation/BuildAction;Lorg/gradle/internal/buildtree/BuildTreeLifecycleController;)Lorg/gradle/internal/buildtree/BuildActionRunner$Result;+12
j  org.gradle.launcher.exec.BuildOutcomeReportingBuildActionRunner.run(Lorg/gradle/internal/invocation/BuildAction;Lorg/gradle/internal/buildtree/BuildTreeLifecycleController;)Lorg/gradle/internal/buildtree/BuildActionRunner$Result;+69
j  org.gradle.tooling.internal.provider.FileSystemWatchingBuildActionRunner.run(Lorg/gradle/internal/invocation/BuildAction;Lorg/gradle/internal/buildtree/BuildTreeLifecycleController;)Lorg/gradle/internal/buildtree/BuildActionRunner$Result;+329
j  org.gradle.launcher.exec.BuildCompletionNotifyingBuildActionRunner.run(Lorg/gradle/internal/invocation/BuildAction;Lorg/gradle/internal/buildtree/BuildTreeLifecycleController;)Lorg/gradle/internal/buildtree/BuildActionRunner$Result;+6
j  org.gradle.launcher.exec.RootBuildLifecycleBuildActionExecutor.lambda$execute$0(Lorg/gradle/internal/invocation/BuildAction;Lorg/gradle/internal/buildtree/BuildTreeLifecycleController;)Lorg/gradle/internal/buildtree/BuildActionRunner$Result;+6
j  org.gradle.launcher.exec.RootBuildLifecycleBuildActionExecutor$$Lambda$170+0x00000001003cdc20.apply(Ljava/lang/Object;)Ljava/lang/Object;+12
j  org.gradle.composite.internal.DefaultRootBuildState.run(Ljava/util/function/Function;)Ljava/lang/Object;+87
j  org.gradle.launcher.exec.RootBuildLifecycleBuildActionExecutor.execute(Lorg/gradle/internal/invocation/BuildAction;Lorg/gradle/internal/buildtree/BuildTreeContext;)Lorg/gradle/internal/buildtree/BuildActionRunner$Result;+28
j  org.gradle.internal.buildtree.DefaultBuildTreeContext.execute(Lorg/gradle/internal/invocation/BuildAction;)Lorg/gradle/internal/buildtree/BuildActionRunner$Result;+64
j  org.gradle.launcher.exec.BuildTreeLifecycleBuildActionExecutor.lambda$execute$0(Lorg/gradle/internal/invocation/BuildAction;Lorg/gradle/internal/buildtree/BuildTreeContext;)Lorg/gradle/internal/buildtree/BuildActionRunner$Result;+2
j  org.gradle.launcher.exec.BuildTreeLifecycleBuildActionExecutor$$Lambda$111+0x00000001002b1ae0.apply(Ljava/lang/Object;)Ljava/lang/Object;+8
j  org.gradle.internal.buildtree.BuildTreeState.run(Ljava/util/function/Function;)Ljava/lang/Object;+5
j  org.gradle.launcher.exec.BuildTreeLifecycleBuildActionExecutor.execute(Lorg/gradle/internal/invocation/BuildAction;Lorg/gradle/internal/session/BuildSessionContext;)Lorg/gradle/internal/buildtree/BuildActionRunner$Result;+181
j  org.gradle.launcher.exec.RunAsBuildOperationBuildActionExecutor$3.call(Lorg/gradle/internal/operations/BuildOperationContext;)Lorg/gradle/internal/buildtree/BuildActionRunner$Result;+25
j  org.gradle.launcher.exec.RunAsBuildOperationBuildActionExecutor$3.call(Lorg/gradle/internal/operations/BuildOperationContext;)Ljava/lang/Object;+2
j  org.gradle.internal.operations.DefaultBuildOperationRunner$CallableBuildOperationWorker.execute(Lorg/gradle/internal/operations/CallableBuildOperation;Lorg/gradle/internal/operations/BuildOperationContext;)V+3
j  org.gradle.internal.operations.DefaultBuildOperationRunner$CallableBuildOperationWorker.execute(Lorg/gradle/internal/operations/BuildOperation;Lorg/gradle/internal/operations/BuildOperationContext;)V+6
j  org.gradle.internal.operations.DefaultBuildOperationRunner$2.execute(Lorg/gradle/internal/operations/BuildOperationDescriptor;Lorg/gradle/internal/operations/BuildOperationState;Lorg/gradle/internal/operations/BuildOperationState;Lorg/gradle/internal/operations/DefaultBuildOperationRunner$ReadableBuildOperationContext;Lorg/gradle/internal/operations/DefaultBuildOperationRunner$BuildOperationExecutionListener;)Lorg/gradle/internal/operations/BuildOperation;+22
j  org.gradle.internal.operations.DefaultBuildOperationRunner$2.execute(Lorg/gradle/internal/operations/BuildOperationDescriptor;Lorg/gradle/internal/operations/BuildOperationState;Lorg/gradle/internal/operations/BuildOperationState;Lorg/gradle/internal/operations/DefaultBuildOperationRunner$ReadableBuildOperationContext;Lorg/gradle/internal/operations/DefaultBuildOperationRunner$BuildOperationExecutionListener;)Ljava/lang/Object;+8
j  org.gradle.internal.operations.DefaultBuildOperationRunner.execute(Lorg/gradle/internal/operations/BuildOperationDescriptor$Builder;Lorg/gradle/internal/operations/BuildOperationState;Lorg/gradle/internal/operations/DefaultBuildOperationRunner$BuildOperationExecution;)Ljava/lang/Object;+141
j  org.gradle.internal.operations.DefaultBuildOperationRunner.execute(Lorg/gradle/internal/operations/BuildOperation;Lorg/gradle/internal/operations/BuildOperationWorker;Lorg/gradle/internal/operations/BuildOperationState;)V+18
j  org.gradle.internal.operations.DefaultBuildOperationRunner.call(Lorg/gradle/internal/operations/CallableBuildOperation;)Ljava/lang/Object;+16
j  org.gradle.internal.operations.DefaultBuildOperationExecutor.call(Lorg/gradle/internal/operations/CallableBuildOperation;)Ljava/lang/Object;+5
j  org.gradle.launcher.exec.RunAsBuildOperationBuildActionExecutor.execute(Lorg/gradle/internal/invocation/BuildAction;Lorg/gradle/internal/session/BuildSessionContext;)Lorg/gradle/internal/buildtree/BuildActionRunner$Result;+23
j  org.gradle.launcher.exec.RunAsWorkerThreadBuildActionExecutor.lambda$execute$0(Lorg/gradle/internal/invocation/BuildAction;Lorg/gradle/internal/session/BuildSessionContext;)Lorg/gradle/internal/buildtree/BuildActionRunner$Result;+6
j  org.gradle.launcher.exec.RunAsWorkerThreadBuildActionExecutor$$Lambda$110+0x000000010029b988.create()Ljava/lang/Object;+12
j  org.gradle.internal.work.DefaultWorkerLeaseService.withLocks(Ljava/util/Collection;Lorg/gradle/internal/Factory;)Ljava/lang/Object;+28
j  org.gradle.internal.work.DefaultWorkerLeaseService.runAsWorkerThread(Lorg/gradle/internal/Factory;)Ljava/lang/Object;+33
j  org.gradle.launcher.exec.RunAsWorkerThreadBuildActionExecutor.execute(Lorg/gradle/internal/invocation/BuildAction;Lorg/gradle/internal/session/BuildSessionContext;)Lorg/gradle/internal/buildtree/BuildActionRunner$Result;+12
j  org.gradle.tooling.internal.provider.continuous.ContinuousBuildActionExecutor.execute(Lorg/gradle/internal/invocation/BuildAction;Lorg/gradle/internal/session/BuildSessionContext;)Lorg/gradle/internal/buildtree/BuildActionRunner$Result;+58
j  org.gradle.tooling.internal.provider.SubscribableBuildActionExecutor.execute(Lorg/gradle/internal/invocation/BuildAction;Lorg/gradle/internal/session/BuildSessionContext;)Lorg/gradle/internal/buildtree/BuildActionRunner$Result;+30
j  org.gradle.internal.session.DefaultBuildSessionContext.execute(Lorg/gradle/internal/invocation/BuildAction;)Lorg/gradle/internal/buildtree/BuildActionRunner$Result;+64
j  org.gradle.tooling.internal.provider.BuildSessionLifecycleBuildActionExecuter$ActionImpl.apply(Lorg/gradle/internal/session/BuildSessionContext;)Lorg/gradle/launcher/exec/BuildActionResult;+6
j  org.gradle.tooling.internal.provider.BuildSessionLifecycleBuildActionExecuter$ActionImpl.apply(Ljava/lang/Object;)Ljava/lang/Object;+5
j  org.gradle.internal.session.BuildSessionState.run(Ljava/util/function/Function;)Ljava/lang/Object;+5
j  org.gradle.tooling.internal.provider.BuildSessionLifecycleBuildActionExecuter.execute(Lorg/gradle/internal/invocation/BuildAction;Lorg/gradle/launcher/exec/BuildActionParameters;Lorg/gradle/initialization/BuildRequestContext;)Lorg/gradle/launcher/exec/BuildActionResult;+95
j  org.gradle.tooling.internal.provider.BuildSessionLifecycleBuildActionExecuter.execute(Lorg/gradle/internal/invocation/BuildAction;Ljava/lang/Object;Ljava/lang/Object;)Lorg/gradle/launcher/exec/BuildActionResult;+10
j  org.gradle.tooling.internal.provider.StartParamsValidatingActionExecuter.execute(Lorg/gradle/internal/invocation/BuildAction;Lorg/gradle/launcher/exec/BuildActionParameters;Lorg/gradle/initialization/BuildRequestContext;)Lorg/gradle/launcher/exec/BuildActionResult;+177
j  org.gradle.tooling.internal.provider.StartParamsValidatingActionExecuter.execute(Lorg/gradle/internal/invocation/BuildAction;Ljava/lang/Object;Ljava/lang/Object;)Lorg/gradle/launcher/exec/BuildActionResult;+10
j  org.gradle.tooling.internal.provider.SessionFailureReportingActionExecuter.execute(Lorg/gradle/internal/invocation/BuildAction;Lorg/gradle/launcher/exec/BuildActionParameters;Lorg/gradle/initialization/BuildRequestContext;)Lorg/gradle/launcher/exec/BuildActionResult;+7
j  org.gradle.tooling.internal.provider.SessionFailureReportingActionExecuter.execute(Lorg/gradle/internal/invocation/BuildAction;Ljava/lang/Object;Ljava/lang/Object;)Lorg/gradle/launcher/exec/BuildActionResult;+10
j  org.gradle.tooling.internal.provider.SetupLoggingActionExecuter.execute(Lorg/gradle/internal/invocation/BuildAction;Lorg/gradle/launcher/exec/BuildActionParameters;Lorg/gradle/initialization/BuildRequestContext;)Lorg/gradle/launcher/exec/BuildActionResult;+50
j  org.gradle.tooling.internal.provider.SetupLoggingActionExecuter.execute(Lorg/gradle/internal/invocation/BuildAction;Ljava/lang/Object;Ljava/lang/Object;)Lorg/gradle/launcher/exec/BuildActionResult;+10
j  org.gradle.launcher.daemon.server.exec.ExecuteBuild.doBuild(Lorg/gradle/launcher/daemon/server/api/DaemonCommandExecution;Lorg/gradle/launcher/daemon/protocol/Build;)V+117
j  org.gradle.launcher.daemon.server.exec.BuildCommandOnly.execute(Lorg/gradle/launcher/daemon/server/api/DaemonCommandExecution;)V+49
j  org.gradle.launcher.daemon.server.api.DaemonCommandExecution.proceed()Z+23
j  org.gradle.launcher.daemon.server.exec.WatchForDisconnection.execute(Lorg/gradle/launcher/daemon/server/api/DaemonCommandExecution;)V+19
j  org.gradle.launcher.daemon.server.api.DaemonCommandExecution.proceed()Z+23
j  org.gradle.launcher.daemon.server.exec.ResetDeprecationLogger.execute(Lorg/gradle/launcher/daemon/server/api/DaemonCommandExecution;)V+7
j  org.gradle.launcher.daemon.server.api.DaemonCommandExecution.proceed()Z+23
j  org.gradle.launcher.daemon.server.exec.RequestStopIfSingleUsedDaemon.execute(Lorg/gradle/launcher/daemon/server/api/DaemonCommandExecution;)V+33
j  org.gradle.launcher.daemon.server.api.DaemonCommandExecution.proceed()Z+23
j  org.gradle.launcher.daemon.server.exec.ForwardClientInput$2.create()Ljava/lang/Void;+4
j  org.gradle.launcher.daemon.server.exec.ForwardClientInput$2.create()Ljava/lang/Object;+1
j  org.gradle.util.internal.Swapper.swap(Ljava/lang/Object;Lorg/gradle/internal/Factory;)Ljava/lang/Object;+21
j  org.gradle.launcher.daemon.server.exec.ForwardClientInput.execute(Lorg/gradle/launcher/daemon/server/api/DaemonCommandExecution;)V+63
j  org.gradle.launcher.daemon.server.api.DaemonCommandExecution.proceed()Z+23
j  org.gradle.launcher.daemon.server.exec.LogAndCheckHealth.execute(Lorg/gradle/launcher/daemon/server/api/DaemonCommandExecution;)V+28
j  org.gradle.launcher.daemon.server.api.DaemonCommandExecution.proceed()Z+23
j  org.gradle.launcher.daemon.server.exec.LogToClient.doBuild(Lorg/gradle/launcher/daemon/server/api/DaemonCommandExecution;Lorg/gradle/launcher/daemon/protocol/Build;)V+87
j  org.gradle.launcher.daemon.server.exec.BuildCommandOnly.execute(Lorg/gradle/launcher/daemon/server/api/DaemonCommandExecution;)V+49
j  org.gradle.launcher.daemon.server.api.DaemonCommandExecution.proceed()Z+23
j  org.gradle.launcher.daemon.server.exec.EstablishBuildEnvironment.doBuild(Lorg/gradle/launcher/daemon/server/api/DaemonCommandExecution;Lorg/gradle/launcher/daemon/protocol/Build;)V+356
j  org.gradle.launcher.daemon.server.exec.BuildCommandOnly.execute(Lorg/gradle/launcher/daemon/server/api/DaemonCommandExecution;)V+49
j  org.gradle.launcher.daemon.server.api.DaemonCommandExecution.proceed()Z+23
j  org.gradle.launcher.daemon.server.exec.StartBuildOrRespondWithBusy$1.run()V+44
j  org.gradle.launcher.daemon.server.DaemonStateCoordinator$1.run()V+4
j  org.gradle.internal.concurrent.ExecutorPolicy$CatchAndRecordFailures.onExecute(Ljava/lang/Runnable;)V+1
j  org.gradle.internal.concurrent.ManagedExecutorImpl$1.run()V+25
j  java.util.concurrent.ThreadPoolExecutor.runWorker(Ljava/util/concurrent/ThreadPoolExecutor$Worker;)V+92 java.base@17.0.7
j  java.util.concurrent.ThreadPoolExecutor$Worker.run()V+5 java.base@17.0.7
j  java.lang.Thread.run()V+11 java.base@17.0.7
v  ~StubRoutines::call_stub

---------------  P R O C E S S  ---------------

Threads class SMR info:
_java_thread_list=0x000001d49814aa60, length=39, elements={
0x000001d4f6760630, 0x000001d4ffa09e20, 0x000001d4ffa0b780, 0x000001d49301c630,
0x000001d49301cef0, 0x000001d49301daa0, 0x000001d493014290, 0x000001d493015620,
0x000001d493025270, 0x000001d493063360, 0x000001d4931c70d0, 0x000001d4931c95b0,
0x000001d495458bf0, 0x000001d494dadd00, 0x000001d494c8a490, 0x000001d4949c4960,
0x000001d4948cf5e0, 0x000001d493ece840, 0x000001d493ecc690, 0x000001d493eced10,
0x000001d493ecfb80, 0x000001d493ecf6b0, 0x000001d493eccb60, 0x000001d493ecd9d0,
0x000001d493ecf1e0, 0x000001d493ecd500, 0x000001d493ecdea0, 0x000001d496652630,
0x000001d496653e40, 0x000001d49664f140, 0x000001d496650e20, 0x000001d49664ec70,
0x000001d496654310, 0x000001d496651c90, 0x000001d49664f610, 0x000001d4966517c0,
0x000001d49664ffb0, 0x000001d496650480, 0x000001d497026030
}

Java Threads: ( => current thread )
  0x000001d4f6760630 JavaThread "main" [_thread_blocked, id=10560, stack(0x00000069f8600000,0x00000069f8700000)]
  0x000001d4ffa09e20 JavaThread "Reference Handler" daemon [_thread_blocked, id=12528, stack(0x00000069f8d00000,0x00000069f8e00000)]
  0x000001d4ffa0b780 JavaThread "Finalizer" daemon [_thread_blocked, id=3188, stack(0x00000069f8e00000,0x00000069f8f00000)]
  0x000001d49301c630 JavaThread "Signal Dispatcher" daemon [_thread_blocked, id=9684, stack(0x00000069f9000000,0x00000069f9100000)]
  0x000001d49301cef0 JavaThread "Attach Listener" daemon [_thread_blocked, id=14820, stack(0x00000069f9100000,0x00000069f9200000)]
  0x000001d49301daa0 JavaThread "Service Thread" daemon [_thread_blocked, id=6888, stack(0x00000069f9200000,0x00000069f9300000)]
  0x000001d493014290 JavaThread "Monitor Deflation Thread" daemon [_thread_blocked, id=9636, stack(0x00000069f9300000,0x00000069f9400000)]
  0x000001d493015620 JavaThread "C2 CompilerThread0" daemon [_thread_blocked, id=14656, stack(0x00000069f9400000,0x00000069f9500000)]
  0x000001d493025270 JavaThread "C1 CompilerThread0" daemon [_thread_blocked, id=9944, stack(0x00000069f9500000,0x00000069f9600000)]
  0x000001d493063360 JavaThread "Sweeper thread" daemon [_thread_blocked, id=488, stack(0x00000069f9600000,0x00000069f9700000)]
  0x000001d4931c70d0 JavaThread "Common-Cleaner" daemon [_thread_blocked, id=3336, stack(0x00000069f9700000,0x00000069f9800000)]
  0x000001d4931c95b0 JavaThread "Notification Thread" daemon [_thread_blocked, id=11572, stack(0x00000069f9800000,0x00000069f9900000)]
  0x000001d495458bf0 JavaThread "Daemon health stats" [_thread_blocked, id=7836, stack(0x00000069f9e00000,0x00000069f9f00000)]
  0x000001d494dadd00 JavaThread "Incoming local TCP Connector on port 56038" [_thread_in_native, id=13292, stack(0x00000069f9f00000,0x00000069fa000000)]
  0x000001d494c8a490 JavaThread "Daemon periodic checks" [_thread_blocked, id=10684, stack(0x00000069fa000000,0x00000069fa100000)]
  0x000001d4949c4960 JavaThread "Daemon" [_thread_blocked, id=5840, stack(0x00000069fa100000,0x00000069fa200000)]
  0x000001d4948cf5e0 JavaThread "Handler for socket connection from /127.0.0.1:56038 to /127.0.0.1:56039" [_thread_in_native, id=5908, stack(0x00000069fa200000,0x00000069fa300000)]
  0x000001d493ece840 JavaThread "Cancel handler" [_thread_blocked, id=1460, stack(0x00000069fa300000,0x00000069fa400000)]
=>0x000001d493ecc690 JavaThread "Daemon worker" [_thread_in_vm, id=10076, stack(0x00000069fa400000,0x00000069fa500000)]
  0x000001d493eced10 JavaThread "Asynchronous log dispatcher for DefaultDaemonConnection: socket connection from /127.0.0.1:56038 to /127.0.0.1:56039" [_thread_blocked, id=11716, stack(0x00000069fa500000,0x00000069fa600000)]
  0x000001d493ecfb80 JavaThread "Stdin handler" [_thread_blocked, id=11040, stack(0x00000069fa600000,0x00000069fa700000)]
  0x000001d493ecf6b0 JavaThread "Daemon client event forwarder" [_thread_blocked, id=8768, stack(0x00000069fa700000,0x00000069fa800000)]
  0x000001d493eccb60 JavaThread "Cache worker for journal cache (C:\Users\poorn\.gradle\caches\journal-1)" [_thread_blocked, id=8960, stack(0x00000069f9a00000,0x00000069f9b00000)]
  0x000001d493ecd9d0 JavaThread "File lock request listener" [_thread_in_native, id=13232, stack(0x00000069fa800000,0x00000069fa900000)]
  0x000001d493ecf1e0 JavaThread "Cache worker for file hash cache (C:\Users\poorn\.gradle\caches\7.5\fileHashes)" [_thread_blocked, id=10920, stack(0x00000069fa900000,0x00000069faa00000)]
  0x000001d493ecd500 JavaThread "File watcher server" daemon [_thread_in_native, id=4928, stack(0x00000069faa00000,0x00000069fab00000)]
  0x000001d493ecdea0 JavaThread "File watcher consumer" daemon [_thread_blocked, id=12156, stack(0x00000069fab00000,0x00000069fac00000)]
  0x000001d496652630 JavaThread "Cache worker for checksums cache (C:\Users\poorn\AndroidStudioProjects\S-Assistant2\.gradle\7.5\checksums)" [_thread_blocked, id=6892, stack(0x00000069fac00000,0x00000069fad00000)]
  0x000001d496653e40 JavaThread "Cache worker for cache directory md-rule (C:\Users\poorn\.gradle\caches\7.5\md-rule)" [_thread_blocked, id=15256, stack(0x00000069fad00000,0x00000069fae00000)]
  0x000001d49664f140 JavaThread "Cache worker for file content cache (C:\Users\poorn\.gradle\caches\7.5\fileContent)" [_thread_blocked, id=15192, stack(0x00000069fae00000,0x00000069faf00000)]
  0x000001d496650e20 JavaThread "Cache worker for file hash cache (C:\Users\poorn\AndroidStudioProjects\S-Assistant2\.gradle\7.5\fileHashes)" [_thread_blocked, id=6220, stack(0x00000069fb000000,0x00000069fb100000)]
  0x000001d49664ec70 JavaThread "Cache worker for cache directory md-supplier (C:\Users\poorn\.gradle\caches\7.5\md-supplier)" [_thread_blocked, id=1356, stack(0x00000069fb100000,0x00000069fb200000)]
  0x000001d496654310 JavaThread "Cache worker for execution history cache (C:\Users\poorn\.gradle\caches\7.5\executionHistory)" [_thread_blocked, id=12088, stack(0x00000069faf00000,0x00000069fb000000)]
  0x000001d496651c90 JavaThread "jar transforms" [_thread_blocked, id=5432, stack(0x00000069fb200000,0x00000069fb300000)]
  0x000001d49664f610 JavaThread "jar transforms Thread 2" [_thread_blocked, id=4748, stack(0x00000069fb400000,0x00000069fb500000)]
  0x000001d4966517c0 JavaThread "jar transforms Thread 3" [_thread_blocked, id=9724, stack(0x00000069fb300000,0x00000069fb400000)]
  0x000001d49664ffb0 JavaThread "jar transforms Thread 4" [_thread_blocked, id=11584, stack(0x00000069fb600000,0x00000069fb700000)]
  0x000001d496650480 JavaThread "Cache worker for dependencies-accessors (C:\Users\poorn\AndroidStudioProjects\S-Assistant2\.gradle\7.5\dependencies-accessors)" [_thread_blocked, id=10192, stack(0x00000069fb700000,0x00000069fb800000)]
  0x000001d497026030 JavaThread "C2 CompilerThread1" daemon [_thread_blocked, id=13056, stack(0x00000069fb800000,0x00000069fb900000)]

Other Threads:
  0x000001d4ffa06030 VMThread "VM Thread" [stack: 0x00000069f8c00000,0x00000069f8d00000] [id=10340]
  0x000001d4931c9a80 WatcherThread [stack: 0x00000069f9900000,0x00000069f9a00000] [id=10712]
  0x000001d4f67ab600 GCTaskThread "GC Thread#0" [stack: 0x00000069f8700000,0x00000069f8800000] [id=644]
  0x000001d49350fc50 GCTaskThread "GC Thread#1" [stack: 0x00000069f9b00000,0x00000069f9c00000] [id=14016]
  0x000001d49348d600 GCTaskThread "GC Thread#2" [stack: 0x00000069f9c00000,0x00000069f9d00000] [id=7600]
  0x000001d493e30070 GCTaskThread "GC Thread#3" [stack: 0x00000069f9d00000,0x00000069f9e00000] [id=5808]
  0x000001d4f67b93f0 ConcurrentGCThread "G1 Main Marker" [stack: 0x00000069f8800000,0x00000069f8900000] [id=1928]
  0x000001d4f67bb450 ConcurrentGCThread "G1 Conc#0" [stack: 0x00000069f8900000,0x00000069f8a00000] [id=1220]
  0x000001d4f681eb50 ConcurrentGCThread "G1 Refine#0" [stack: 0x00000069f8a00000,0x00000069f8b00000] [id=2108]
  0x000001d494280f60 ConcurrentGCThread "G1 Refine#1" [stack: 0x00000069fb500000,0x00000069fb600000] [id=13432]
  0x000001d4ff862d20 ConcurrentGCThread "G1 Service" [stack: 0x00000069f8b00000,0x00000069f8c00000] [id=14244]

Threads with active compile tasks:

VM state: not at safepoint (normal execution)

VM Mutex/Monitor currently owned by a thread:  ([mutex/lock_event])
[0x000001d4f45ad200] Metaspace_lock - owner thread: 0x000001d493ecc690

Heap address: 0x00000000a0000000, size: 1536 MB, Compressed Oops mode: 32-bit

CDS archive(s) not mapped
Compressed class space mapped at: 0x0000000100000000-0x0000000140000000, reserved size: 1073741824
Narrow klass base: 0x0000000000000000, Narrow klass shift: 3, Narrow klass range: 0x140000000

GC Precious Log:
 CPUs: 4 total, 4 available
 Memory: 7934M
 Large Page Support: Disabled
 NUMA Support: Disabled
 Compressed Oops: Enabled (32-bit)
 Heap Region Size: 1M
 Heap Min Capacity: 8M
 Heap Initial Capacity: 124M
 Heap Max Capacity: 1536M
 Pre-touch: Disabled
 Parallel Workers: 4
 Concurrent Workers: 1
 Concurrent Refinement Workers: 4
 Periodic GC: Disabled

Heap:
 garbage-first heap   total 65536K, used 46337K [0x00000000a0000000, 0x0000000100000000)
  region size 1024K, 21 young (21504K), 3 survivors (3072K)
 Metaspace       used 45040K, committed 45376K, reserved 1114112K
  class space    used 5930K, committed 6080K, reserved 1048576K

Heap Regions: E=young(eden), S=young(survivor), O=old, HS=humongous(starts), HC=humongous(continues), CS=collection set, F=free, OA=open archive, CA=closed archive, TAMS=top-at-mark-start (previous, next)
|   0|0x00000000a0000000, 0x00000000a0100000, 0x00000000a0100000|100%|HS|  |TAMS 0x00000000a0100000, 0x00000000a0000000| Complete 
|   1|0x00000000a0100000, 0x00000000a0200000, 0x00000000a0200000|100%|HC|  |TAMS 0x00000000a0200000, 0x00000000a0100000| Complete 
|   2|0x00000000a0200000, 0x00000000a0300000, 0x00000000a0300000|100%|HC|  |TAMS 0x00000000a0300000, 0x00000000a0200000| Complete 
|   3|0x00000000a0300000, 0x00000000a0400000, 0x00000000a0400000|100%| O|  |TAMS 0x00000000a0400000, 0x00000000a0300000| Untracked 
|   4|0x00000000a0400000, 0x00000000a0500000, 0x00000000a0500000|100%| O|  |TAMS 0x00000000a0500000, 0x00000000a0400000| Untracked 
|   5|0x00000000a0500000, 0x00000000a0600000, 0x00000000a0600000|100%| O|  |TAMS 0x00000000a0600000, 0x00000000a0500000| Untracked 
|   6|0x00000000a0600000, 0x00000000a0700000, 0x00000000a0700000|100%| O|  |TAMS 0x00000000a0700000, 0x00000000a0600000| Untracked 
|   7|0x00000000a0700000, 0x00000000a0800000, 0x00000000a0800000|100%| O|  |TAMS 0x00000000a0800000, 0x00000000a0700000| Untracked 
|   8|0x00000000a0800000, 0x00000000a0900000, 0x00000000a0900000|100%| O|  |TAMS 0x00000000a0900000, 0x00000000a0800000| Untracked 
|   9|0x00000000a0900000, 0x00000000a0a00000, 0x00000000a0a00000|100%| O|  |TAMS 0x00000000a0a00000, 0x00000000a0900000| Untracked 
|  10|0x00000000a0a00000, 0x00000000a0a30400, 0x00000000a0b00000| 18%| O|  |TAMS 0x00000000a0a30400, 0x00000000a0a00000| Untracked 
|  11|0x00000000a0b00000, 0x00000000a0c00000, 0x00000000a0c00000|100%| O|  |TAMS 0x00000000a0c00000, 0x00000000a0b00000| Untracked 
|  12|0x00000000a0c00000, 0x00000000a0d00000, 0x00000000a0d00000|100%| O|  |TAMS 0x00000000a0d00000, 0x00000000a0c00000| Untracked 
|  13|0x00000000a0d00000, 0x00000000a0e00000, 0x00000000a0e00000|100%| O|  |TAMS 0x00000000a0e00000, 0x00000000a0d00000| Untracked 
|  14|0x00000000a0e00000, 0x00000000a0f00000, 0x00000000a0f00000|100%| O|  |TAMS 0x00000000a0f00000, 0x00000000a0e00000| Untracked 
|  15|0x00000000a0f00000, 0x00000000a1000000, 0x00000000a1000000|100%| O|  |TAMS 0x00000000a1000000, 0x00000000a0f00000| Untracked 
|  16|0x00000000a1000000, 0x00000000a1100000, 0x00000000a1100000|100%| O|  |TAMS 0x00000000a1100000, 0x00000000a1000000| Untracked 
|  17|0x00000000a1100000, 0x00000000a1200000, 0x00000000a1200000|100%| O|  |TAMS 0x00000000a1200000, 0x00000000a1100000| Untracked 
|  18|0x00000000a1200000, 0x00000000a1300000, 0x00000000a1300000|100%| O|  |TAMS 0x00000000a1300000, 0x00000000a1200000| Untracked 
|  19|0x00000000a1300000, 0x00000000a1400000, 0x00000000a1400000|100%| O|  |TAMS 0x00000000a1400000, 0x00000000a1300000| Untracked 
|  20|0x00000000a1400000, 0x00000000a1500000, 0x00000000a1500000|100%| O|  |TAMS 0x00000000a1500000, 0x00000000a1400000| Untracked 
|  21|0x00000000a1500000, 0x00000000a1600000, 0x00000000a1600000|100%| O|  |TAMS 0x00000000a1510000, 0x00000000a1500000| Untracked 
|  22|0x00000000a1600000, 0x00000000a1700000, 0x00000000a1700000|100%| O|  |TAMS 0x00000000a1600000, 0x00000000a1600000| Untracked 
|  23|0x00000000a1700000, 0x00000000a1800000, 0x00000000a1800000|100%| O|  |TAMS 0x00000000a1700000, 0x00000000a1700000| Untracked 
|  24|0x00000000a1800000, 0x00000000a1900000, 0x00000000a1900000|100%|HS|  |TAMS 0x00000000a1800000, 0x00000000a1800000| Complete 
|  25|0x00000000a1900000, 0x00000000a1900000, 0x00000000a1a00000|  0%| F|  |TAMS 0x00000000a1900000, 0x00000000a1900000| Untracked 
|  26|0x00000000a1a00000, 0x00000000a1a00000, 0x00000000a1b00000|  0%| F|  |TAMS 0x00000000a1a00000, 0x00000000a1a00000| Untracked 
|  27|0x00000000a1b00000, 0x00000000a1c00000, 0x00000000a1c00000|100%| O|  |TAMS 0x00000000a1b00000, 0x00000000a1b00000| Untracked 
|  28|0x00000000a1c00000, 0x00000000a1d00000, 0x00000000a1d00000|100%| O|  |TAMS 0x00000000a1c00000, 0x00000000a1c00000| Untracked 
|  29|0x00000000a1d00000, 0x00000000a1d3da00, 0x00000000a1e00000| 24%| O|  |TAMS 0x00000000a1d00000, 0x00000000a1d00000| Untracked 
|  30|0x00000000a1e00000, 0x00000000a1e00000, 0x00000000a1f00000|  0%| F|  |TAMS 0x00000000a1e00000, 0x00000000a1e00000| Untracked 
|  31|0x00000000a1f00000, 0x00000000a1f00000, 0x00000000a2000000|  0%| F|  |TAMS 0x00000000a1f00000, 0x00000000a1f00000| Untracked 
|  32|0x00000000a2000000, 0x00000000a2000000, 0x00000000a2100000|  0%| F|  |TAMS 0x00000000a2000000, 0x00000000a2000000| Untracked 
|  33|0x00000000a2100000, 0x00000000a2100000, 0x00000000a2200000|  0%| F|  |TAMS 0x00000000a2100000, 0x00000000a2100000| Untracked 
|  34|0x00000000a2200000, 0x00000000a2200000, 0x00000000a2300000|  0%| F|  |TAMS 0x00000000a2200000, 0x00000000a2200000| Untracked 
|  35|0x00000000a2300000, 0x00000000a2300000, 0x00000000a2400000|  0%| F|  |TAMS 0x00000000a2300000, 0x00000000a2300000| Untracked 
|  36|0x00000000a2400000, 0x00000000a2400000, 0x00000000a2500000|  0%| F|  |TAMS 0x00000000a2400000, 0x00000000a2400000| Untracked 
|  37|0x00000000a2500000, 0x00000000a2500000, 0x00000000a2600000|  0%| F|  |TAMS 0x00000000a2500000, 0x00000000a2500000| Untracked 
|  38|0x00000000a2600000, 0x00000000a2600000, 0x00000000a2700000|  0%| F|  |TAMS 0x00000000a2600000, 0x00000000a2600000| Untracked 
|  39|0x00000000a2700000, 0x00000000a2700000, 0x00000000a2800000|  0%| F|  |TAMS 0x00000000a2700000, 0x00000000a2700000| Untracked 
|  40|0x00000000a2800000, 0x00000000a28d27e0, 0x00000000a2900000| 82%| S|CS|TAMS 0x00000000a2800000, 0x00000000a2800000| Complete 
|  41|0x00000000a2900000, 0x00000000a2a00000, 0x00000000a2a00000|100%| S|CS|TAMS 0x00000000a2900000, 0x00000000a2900000| Complete 
|  42|0x00000000a2a00000, 0x00000000a2b00000, 0x00000000a2b00000|100%| S|CS|TAMS 0x00000000a2a00000, 0x00000000a2a00000| Complete 
|  43|0x00000000a2b00000, 0x00000000a2b00000, 0x00000000a2c00000|  0%| F|  |TAMS 0x00000000a2b00000, 0x00000000a2b00000| Untracked 
|  44|0x00000000a2c00000, 0x00000000a2c00000, 0x00000000a2d00000|  0%| F|  |TAMS 0x00000000a2c00000, 0x00000000a2c00000| Untracked 
|  45|0x00000000a2d00000, 0x00000000a2d00000, 0x00000000a2e00000|  0%| F|  |TAMS 0x00000000a2d00000, 0x00000000a2d00000| Untracked 
|  46|0x00000000a2e00000, 0x00000000a2e7fc10, 0x00000000a2f00000| 49%| E|  |TAMS 0x00000000a2e00000, 0x00000000a2e00000| Complete 
|  47|0x00000000a2f00000, 0x00000000a2fc1748, 0x00000000a3000000| 75%| E|  |TAMS 0x00000000a2f00000, 0x00000000a2f00000| Complete 
|  48|0x00000000a3000000, 0x00000000a3100000, 0x00000000a3100000|100%| E|CS|TAMS 0x00000000a3000000, 0x00000000a3000000| Complete 
|  49|0x00000000a3100000, 0x00000000a3200000, 0x00000000a3200000|100%| E|CS|TAMS 0x00000000a3100000, 0x00000000a3100000| Complete 
|  50|0x00000000a3200000, 0x00000000a3300000, 0x00000000a3300000|100%| E|CS|TAMS 0x00000000a3200000, 0x00000000a3200000| Complete 
|  51|0x00000000a3300000, 0x00000000a3400000, 0x00000000a3400000|100%| E|CS|TAMS 0x00000000a3300000, 0x00000000a3300000| Complete 
|  52|0x00000000a3400000, 0x00000000a3500000, 0x00000000a3500000|100%| E|CS|TAMS 0x00000000a3400000, 0x00000000a3400000| Complete 
|  53|0x00000000a3500000, 0x00000000a3600000, 0x00000000a3600000|100%| E|CS|TAMS 0x00000000a3500000, 0x00000000a3500000| Complete 
|  54|0x00000000a3600000, 0x00000000a3700000, 0x00000000a3700000|100%| E|CS|TAMS 0x00000000a3600000, 0x00000000a3600000| Complete 
|  70|0x00000000a4600000, 0x00000000a4700000, 0x00000000a4700000|100%| E|CS|TAMS 0x00000000a4600000, 0x00000000a4600000| Complete 
|  71|0x00000000a4700000, 0x00000000a4800000, 0x00000000a4800000|100%| E|CS|TAMS 0x00000000a4700000, 0x00000000a4700000| Complete 
|  72|0x00000000a4800000, 0x00000000a4900000, 0x00000000a4900000|100%| E|CS|TAMS 0x00000000a4800000, 0x00000000a4800000| Complete 
|  73|0x00000000a4900000, 0x00000000a4a00000, 0x00000000a4a00000|100%| E|CS|TAMS 0x00000000a4900000, 0x00000000a4900000| Complete 
|  74|0x00000000a4a00000, 0x00000000a4b00000, 0x00000000a4b00000|100%| E|CS|TAMS 0x00000000a4a00000, 0x00000000a4a00000| Complete 
|  75|0x00000000a4b00000, 0x00000000a4c00000, 0x00000000a4c00000|100%| E|CS|TAMS 0x00000000a4b00000, 0x00000000a4b00000| Complete 
|  76|0x00000000a4c00000, 0x00000000a4d00000, 0x00000000a4d00000|100%| E|CS|TAMS 0x00000000a4c00000, 0x00000000a4c00000| Complete 
|  77|0x00000000a4d00000, 0x00000000a4e00000, 0x00000000a4e00000|100%| E|CS|TAMS 0x00000000a4d00000, 0x00000000a4d00000| Complete 
| 123|0x00000000a7b00000, 0x00000000a7c00000, 0x00000000a7c00000|100%| E|CS|TAMS 0x00000000a7b00000, 0x00000000a7b00000| Complete 

Card table byte_map: [0x000001d4f9f30000,0x000001d4fa230000] _byte_map_base: 0x000001d4f9a30000

Marking Bits (Prev, Next): (CMBitMap*) 0x000001d4f67acb00, (CMBitMap*) 0x000001d4f67acac0
 Prev Bits: [0x000001d4fbd30000, 0x000001d4fd530000)
 Next Bits: [0x000001d4fa530000, 0x000001d4fbd30000)

Polling page: 0x000001d4f46b0000

Metaspace:

Usage:
  Non-class:     38.19 MB used.
      Class:      5.79 MB used.
       Both:     43.98 MB used.

Virtual space:
  Non-class space:       64.00 MB reserved,      38.38 MB ( 60%) committed,  1 nodes.
      Class space:        1.00 GB reserved,       5.94 MB ( <1%) committed,  1 nodes.
             Both:        1.06 GB reserved,      44.31 MB (  4%) committed. 

Chunk freelists:
   Non-Class:  9.17 MB
       Class:  10.00 MB
        Both:  19.17 MB

MaxMetaspaceSize: unlimited
CompressedClassSpaceSize: 1.00 GB
Initial GC threshold: 21.00 MB
Current GC threshold: 65.44 MB
CDS: off
MetaspaceReclaimPolicy: balanced
 - commit_granule_bytes: 65536.
 - commit_granule_words: 8192.
 - virtual_space_node_default_size: 8388608.
 - enlarge_chunks_in_place: 1.
 - new_chunks_are_fully_committed: 0.
 - uncommit_free_chunks: 1.
 - use_allocation_guard: 0.
 - handle_deallocations: 1.


Internal statistics:

num_allocs_failed_limit: 9.
num_arena_births: 314.
num_arena_deaths: 0.
num_vsnodes_births: 2.
num_vsnodes_deaths: 0.
num_space_committed: 709.
num_space_uncommitted: 0.
num_chunks_returned_to_freelist: 9.
num_chunks_taken_from_freelist: 1584.
num_chunk_merges: 6.
num_chunk_splits: 1077.
num_chunks_enlarged: 777.
num_inconsistent_stats: 0.

CodeHeap 'non-profiled nmethods': size=120000Kb used=2611Kb max_used=2611Kb free=117388Kb
 bounds [0x000001d487ad0000, 0x000001d487d60000, 0x000001d48f000000]
CodeHeap 'profiled nmethods': size=120000Kb used=7973Kb max_used=7973Kb free=112026Kb
 bounds [0x000001d480000000, 0x000001d4807d0000, 0x000001d487530000]
CodeHeap 'non-nmethods': size=5760Kb used=2299Kb max_used=2344Kb free=3460Kb
 bounds [0x000001d487530000, 0x000001d4877a0000, 0x000001d487ad0000]
 total_blobs=4727 nmethods=3930 adapters=709
 compilation: enabled
              stopped_count=0, restarted_count=0
 full_count=0

Compilation events (20 events):
Event: 14.243 Thread 0x000001d493025270 3924       3       org.gradle.internal.service.DefaultServiceRegistry$CompositeServiceProvider::getAll (43 bytes)
Event: 14.243 Thread 0x000001d493025270 nmethod 3924 0x000001d4807c1010 code [0x000001d4807c11c0, 0x000001d4807c1468]
Event: 14.243 Thread 0x000001d493025270 3925       3       org.gradle.internal.service.DefaultServiceRegistry$ParentServices::getAll (12 bytes)
Event: 14.243 Thread 0x000001d493025270 nmethod 3925 0x000001d4807c1590 code [0x000001d4807c1740, 0x000001d4807c1908]
Event: 14.247 Thread 0x000001d497026030 3926       4       java.util.zip.ZipCoder$UTF8ZipCoder::hasTrailingSlash (20 bytes)
Event: 14.248 Thread 0x000001d497026030 nmethod 3926 0x000001d487d50b90 code [0x000001d487d50d00, 0x000001d487d50dd8]
Event: 14.274 Thread 0x000001d493025270 3927       3       org.objectweb.asm.ClassReader::createDebugLabel (23 bytes)
Event: 14.275 Thread 0x000001d493025270 nmethod 3927 0x000001d4807c1a10 code [0x000001d4807c1be0, 0x000001d4807c2098]
Event: 14.276 Thread 0x000001d493025270 3928       3       org.objectweb.asm.ClassReader::readClass (7 bytes)
Event: 14.277 Thread 0x000001d493025270 nmethod 3928 0x000001d4807c2290 code [0x000001d4807c2460, 0x000001d4807c27c8]
Event: 14.280 Thread 0x000001d493025270 3929       3       org.objectweb.asm.ClassReader::readLabel (20 bytes)
Event: 14.280 Thread 0x000001d493025270 nmethod 3929 0x000001d4807c2990 code [0x000001d4807c2b40, 0x000001d4807c2f58]
Event: 14.280 Thread 0x000001d493025270 3930       3       org.objectweb.asm.SymbolTable::addConstant (330 bytes)
Event: 14.283 Thread 0x000001d493025270 nmethod 3930 0x000001d4807c3110 code [0x000001d4807c36c0, 0x000001d4807c6838]
Event: 14.286 Thread 0x000001d493025270 3931       3       org.objectweb.asm.Label::accept (65 bytes)
Event: 14.287 Thread 0x000001d493025270 nmethod 3931 0x000001d4807c7210 code [0x000001d4807c73e0, 0x000001d4807c7928]
Event: 14.287 Thread 0x000001d493025270 3933       3       org.objectweb.asm.Label::addLineNumber (89 bytes)
Event: 14.288 Thread 0x000001d493025270 nmethod 3933 0x000001d4807c7b10 code [0x000001d4807c7ce0, 0x000001d4807c8208]
Event: 14.288 Thread 0x000001d493025270 3932       3       org.objectweb.asm.MethodWriter::visitLdcInsn (215 bytes)
Event: 14.291 Thread 0x000001d493025270 nmethod 3932 0x000001d4807c8390 code [0x000001d4807c8600, 0x000001d4807c9188]

GC Heap History (20 events):
Event: 0.750 GC heap before
{Heap before GC invocations=0 (full 0):
 garbage-first heap   total 126976K, used 16384K [0x00000000a0000000, 0x0000000100000000)
  region size 1024K, 13 young (13312K), 0 survivors (0K)
 Metaspace       used 7094K, committed 7296K, reserved 1114112K
  class space    used 612K, committed 704K, reserved 1048576K
}
Event: 0.804 GC heap after
{Heap after GC invocations=1 (full 0):
 garbage-first heap   total 126976K, used 3620K [0x00000000a0000000, 0x0000000100000000)
  region size 1024K, 2 young (2048K), 2 survivors (2048K)
 Metaspace       used 7094K, committed 7296K, reserved 1114112K
  class space    used 612K, committed 704K, reserved 1048576K
}
Event: 1.980 GC heap before
{Heap before GC invocations=1 (full 0):
 garbage-first heap   total 126976K, used 21028K [0x00000000a0000000, 0x0000000100000000)
  region size 1024K, 17 young (17408K), 2 survivors (2048K)
 Metaspace       used 11095K, committed 11264K, reserved 1114112K
  class space    used 1163K, committed 1280K, reserved 1048576K
}
Event: 1.986 GC heap after
{Heap after GC invocations=2 (full 0):
 garbage-first heap   total 126976K, used 9410K [0x00000000a0000000, 0x0000000100000000)
  region size 1024K, 3 young (3072K), 3 survivors (3072K)
 Metaspace       used 11095K, committed 11264K, reserved 1114112K
  class space    used 1163K, committed 1280K, reserved 1048576K
}
Event: 2.512 GC heap before
{Heap before GC invocations=2 (full 0):
 garbage-first heap   total 126976K, used 30914K [0x00000000a0000000, 0x0000000100000000)
  region size 1024K, 24 young (24576K), 3 survivors (3072K)
 Metaspace       used 11209K, committed 11392K, reserved 1114112K
  class space    used 1164K, committed 1280K, reserved 1048576K
}
Event: 2.517 GC heap after
{Heap after GC invocations=3 (full 0):
 garbage-first heap   total 126976K, used 12121K [0x00000000a0000000, 0x0000000100000000)
  region size 1024K, 3 young (3072K), 3 survivors (3072K)
 Metaspace       used 11209K, committed 11392K, reserved 1114112K
  class space    used 1164K, committed 1280K, reserved 1048576K
}
Event: 4.800 GC heap before
{Heap before GC invocations=3 (full 0):
 garbage-first heap   total 126976K, used 55129K [0x00000000a0000000, 0x0000000100000000)
  region size 1024K, 46 young (47104K), 3 survivors (3072K)
 Metaspace       used 21289K, committed 21504K, reserved 1114112K
  class space    used 2581K, committed 2688K, reserved 1048576K
}
Event: 4.815 GC heap after
{Heap after GC invocations=4 (full 0):
 garbage-first heap   total 126976K, used 17326K [0x00000000a0000000, 0x0000000100000000)
  region size 1024K, 8 young (8192K), 8 survivors (8192K)
 Metaspace       used 21289K, committed 21504K, reserved 1114112K
  class space    used 2581K, committed 2688K, reserved 1048576K
}
Event: 6.616 GC heap before
{Heap before GC invocations=5 (full 0):
 garbage-first heap   total 65536K, used 48046K [0x00000000a0000000, 0x0000000100000000)
  region size 1024K, 38 young (38912K), 8 survivors (8192K)
 Metaspace       used 26383K, committed 26688K, reserved 1114112K
  class space    used 3481K, committed 3584K, reserved 1048576K
}
Event: 6.632 GC heap after
{Heap after GC invocations=6 (full 0):
 garbage-first heap   total 65536K, used 19764K [0x00000000a0000000, 0x0000000100000000)
  region size 1024K, 3 young (3072K), 3 survivors (3072K)
 Metaspace       used 26383K, committed 26688K, reserved 1114112K
  class space    used 3481K, committed 3584K, reserved 1048576K
}
Event: 7.762 GC heap before
{Heap before GC invocations=6 (full 0):
 garbage-first heap   total 65536K, used 45364K [0x00000000a0000000, 0x0000000100000000)
  region size 1024K, 28 young (28672K), 3 survivors (3072K)
 Metaspace       used 30380K, committed 30656K, reserved 1114112K
  class space    used 4124K, committed 4224K, reserved 1048576K
}
Event: 7.766 GC heap after
{Heap after GC invocations=7 (full 0):
 garbage-first heap   total 65536K, used 20937K [0x00000000a0000000, 0x0000000100000000)
  region size 1024K, 4 young (4096K), 4 survivors (4096K)
 Metaspace       used 30380K, committed 30656K, reserved 1114112K
  class space    used 4124K, committed 4224K, reserved 1048576K
}
Event: 9.522 GC heap before
{Heap before GC invocations=7 (full 0):
 garbage-first heap   total 65536K, used 46537K [0x00000000a0000000, 0x0000000100000000)
  region size 1024K, 29 young (29696K), 4 survivors (4096K)
 Metaspace       used 34837K, committed 35264K, reserved 1114112K
  class space    used 4804K, committed 4992K, reserved 1048576K
}
Event: 9.536 GC heap after
{Heap after GC invocations=8 (full 0):
 garbage-first heap   total 65536K, used 22818K [0x00000000a0000000, 0x0000000100000000)
  region size 1024K, 4 young (4096K), 4 survivors (4096K)
 Metaspace       used 34837K, committed 35264K, reserved 1114112K
  class space    used 4804K, committed 4992K, reserved 1048576K
}
Event: 9.758 GC heap before
{Heap before GC invocations=8 (full 0):
 garbage-first heap   total 65536K, used 24866K [0x00000000a0000000, 0x0000000100000000)
  region size 1024K, 7 young (7168K), 4 survivors (4096K)
 Metaspace       used 35668K, committed 35968K, reserved 1114112K
  class space    used 4857K, committed 4992K, reserved 1048576K
}
Event: 9.769 GC heap after
{Heap after GC invocations=9 (full 0):
 garbage-first heap   total 65536K, used 23268K [0x00000000a0000000, 0x0000000100000000)
  region size 1024K, 3 young (3072K), 3 survivors (3072K)
 Metaspace       used 35668K, committed 35968K, reserved 1114112K
  class space    used 4857K, committed 4992K, reserved 1048576K
}
Event: 11.159 GC heap before
{Heap before GC invocations=10 (full 0):
 garbage-first heap   total 65536K, used 46820K [0x00000000a0000000, 0x0000000100000000)
  region size 1024K, 27 young (27648K), 3 survivors (3072K)
 Metaspace       used 39818K, committed 40192K, reserved 1114112K
  class space    used 5280K, committed 5440K, reserved 1048576K
}
Event: 11.176 GC heap after
{Heap after GC invocations=11 (full 0):
 garbage-first heap   total 65536K, used 27289K [0x00000000a0000000, 0x0000000100000000)
  region size 1024K, 4 young (4096K), 4 survivors (4096K)
 Metaspace       used 39818K, committed 40192K, reserved 1114112K
  class space    used 5280K, committed 5440K, reserved 1048576K
}
Event: 13.188 GC heap before
{Heap before GC invocations=12 (full 0):
 garbage-first heap   total 65536K, used 50841K [0x00000000a0000000, 0x0000000100000000)
  region size 1024K, 25 young (25600K), 4 survivors (4096K)
 Metaspace       used 42321K, committed 42624K, reserved 1114112K
  class space    used 5526K, committed 5632K, reserved 1048576K
}
Event: 13.203 GC heap after
{Heap after GC invocations=13 (full 0):
 garbage-first heap   total 65536K, used 28929K [0x00000000a0000000, 0x0000000100000000)
  region size 1024K, 3 young (3072K), 3 survivors (3072K)
 Metaspace       used 42321K, committed 42624K, reserved 1114112K
  class space    used 5526K, committed 5632K, reserved 1048576K
}

Dll operation events (2 events):
Event: 0.013 Loaded shared library C:\Program Files\Android\Android Studio\jbr\bin\java.dll
Event: 0.633 Loaded shared library C:\Program Files\Android\Android Studio\jbr\bin\verify.dll

Deoptimization events (20 events):
Event: 14.072 Thread 0x000001d493ecc690 Uncommon trap: trap_request=0xffffff45 fr.pc=0x000001d487b015f4 relative=0x00000000000000d4
Event: 14.072 Thread 0x000001d493ecc690 Uncommon trap: reason=unstable_if action=reinterpret pc=0x000001d487b015f4 method=java.util.HashMap.hash(Ljava/lang/Object;)I @ 1 c2
Event: 14.072 Thread 0x000001d493ecc690 DEOPT PACKING pc=0x000001d487b015f4 sp=0x00000069fa4f8880
Event: 14.072 Thread 0x000001d493ecc690 DEOPT UNPACKING pc=0x000001d48758a1a3 sp=0x00000069fa4f87c0 mode 2
Event: 14.072 Thread 0x000001d493ecc690 Uncommon trap: trap_request=0xffffff45 fr.pc=0x000001d487c383d8 relative=0x00000000000006f8
Event: 14.072 Thread 0x000001d493ecc690 Uncommon trap: reason=unstable_if action=reinterpret pc=0x000001d487c383d8 method=java.util.HashMap.putVal(ILjava/lang/Object;Ljava/lang/Object;ZZ)Ljava/lang/Object; @ 85 c2
Event: 14.072 Thread 0x000001d493ecc690 DEOPT PACKING pc=0x000001d487c383d8 sp=0x00000069fa4f87b0
Event: 14.072 Thread 0x000001d493ecc690 DEOPT UNPACKING pc=0x000001d48758a1a3 sp=0x00000069fa4f8768 mode 2
Event: 14.080 Thread 0x000001d493ecc690 Uncommon trap: trap_request=0xffffff45 fr.pc=0x000001d487c45b38 relative=0x00000000000002f8
Event: 14.080 Thread 0x000001d493ecc690 Uncommon trap: reason=unstable_if action=reinterpret pc=0x000001d487c45b38 method=org.gradle.internal.reflect.PropertyAccessorType.isGetGetterName(Ljava/lang/String;)Z @ 14 c2
Event: 14.080 Thread 0x000001d493ecc690 DEOPT PACKING pc=0x000001d487c45b38 sp=0x00000069fa4f92e0
Event: 14.080 Thread 0x000001d493ecc690 DEOPT UNPACKING pc=0x000001d48758a1a3 sp=0x00000069fa4f9238 mode 2
Event: 14.130 Thread 0x000001d493ecc690 Uncommon trap: trap_request=0xffffff45 fr.pc=0x000001d487c3d968 relative=0x00000000000000e8
Event: 14.130 Thread 0x000001d493ecc690 Uncommon trap: reason=unstable_if action=reinterpret pc=0x000001d487c3d968 method=org.objectweb.asm.ByteVector.putShort(I)Lorg/objectweb/asm/ByteVector; @ 13 c2
Event: 14.130 Thread 0x000001d493ecc690 DEOPT PACKING pc=0x000001d487c3d968 sp=0x00000069fa4f8ed0
Event: 14.130 Thread 0x000001d493ecc690 DEOPT UNPACKING pc=0x000001d48758a1a3 sp=0x00000069fa4f8e68 mode 2
Event: 14.241 Thread 0x000001d493ecc690 Uncommon trap: trap_request=0xffffff45 fr.pc=0x000001d487d3a190 relative=0x00000000000016b0
Event: 14.241 Thread 0x000001d493ecc690 Uncommon trap: reason=unstable_if action=reinterpret pc=0x000001d487d3a190 method=java.util.concurrent.ConcurrentHashMap.computeIfAbsent(Ljava/lang/Object;Ljava/util/function/Function;)Ljava/lang/Object; @ 123 c2
Event: 14.241 Thread 0x000001d493ecc690 DEOPT PACKING pc=0x000001d487d3a190 sp=0x00000069fa4fa1d0
Event: 14.241 Thread 0x000001d493ecc690 DEOPT UNPACKING pc=0x000001d48758a1a3 sp=0x00000069fa4fa150 mode 2

Classes unloaded (0 events):
No events

Classes redefined (0 events):
No events

Internal exceptions (20 events):
Event: 12.421 Thread 0x000001d493ecc690 Exception <a 'java/lang/ClassNotFoundException'{0x00000000a3381338}: org/gradle/execution/taskgraph/DefaultTaskExecutionGraphCustomizer> (0x00000000a3381338) 
thrown [s\src\hotspot\share\classfile\systemDictionary.cpp, line 256]
Event: 12.740 Thread 0x000001d493ecc690 Exception <a 'java/lang/ClassNotFoundException'{0x00000000a31bdfe0}: org/gradle/configuration/internal/DefaultListenerBuildOperationDecorator$BuildOperationEmittingClosureBeanInfo> (0x00000000a31bdfe0) 
thrown [s\src\hotspot\share\classfile\systemDictionary.cpp, line 256]
Event: 12.744 Thread 0x000001d493ecc690 Exception <a 'java/lang/ClassNotFoundException'{0x00000000a31cd1a0}: org/gradle/configuration/internal/DefaultListenerBuildOperationDecorator$BuildOperationEmittingClosureCustomizer> (0x00000000a31cd1a0) 
thrown [s\src\hotspot\share\classfile\systemDictionary.cpp, line 256]
Event: 12.856 Thread 0x000001d493ecc690 Exception <a 'java/lang/ClassNotFoundException'{0x00000000a2fabc00}: settings_1nkdqa31lfrdi4owcrtx3axtqBeanInfo> (0x00000000a2fabc00) 
thrown [s\src\hotspot\share\classfile\systemDictionary.cpp, line 256]
Event: 12.864 Thread 0x000001d493ecc690 Exception <a 'java/lang/ClassNotFoundException'{0x00000000a2fb5ec8}: org/gradle/initialization/SettingsScriptBeanInfo> (0x00000000a2fb5ec8) 
thrown [s\src\hotspot\share\classfile\systemDictionary.cpp, line 256]
Event: 12.865 Thread 0x000001d493ecc690 Exception <a 'java/lang/ClassNotFoundException'{0x00000000a2fc0578}: org/gradle/plugin/use/internal/PluginsAwareScriptBeanInfo> (0x00000000a2fc0578) 
thrown [s\src\hotspot\share\classfile\systemDictionary.cpp, line 256]
Event: 12.866 Thread 0x000001d493ecc690 Exception <a 'java/lang/ClassNotFoundException'{0x00000000a2fcac20}: org/gradle/plugin/use/internal/PluginsAwareScriptCustomizer> (0x00000000a2fcac20) 
thrown [s\src\hotspot\share\classfile\systemDictionary.cpp, line 256]
Event: 12.909 Thread 0x000001d493ecc690 Exception <a 'java/lang/ClassNotFoundException'{0x00000000a2fdd260}: org/gradle/initialization/SettingsScriptCustomizer> (0x00000000a2fdd260) 
thrown [s\src\hotspot\share\classfile\systemDictionary.cpp, line 256]
Event: 12.911 Thread 0x000001d493ecc690 Exception <a 'java/lang/ClassNotFoundException'{0x00000000a2fea3b8}: settings_1nkdqa31lfrdi4owcrtx3axtqCustomizer> (0x00000000a2fea3b8) 
thrown [s\src\hotspot\share\classfile\systemDictionary.cpp, line 256]
Event: 12.930 Thread 0x000001d493ecc690 Exception <a 'java/lang/ClassNotFoundException'{0x00000000a2e5ad40}: org/gradle/initialization/DefaultSettings_DecoratedBeanInfo> (0x00000000a2e5ad40) 
thrown [s\src\hotspot\share\classfile\systemDictionary.cpp, line 256]
Event: 12.931 Thread 0x000001d493ecc690 Exception <a 'java/lang/ClassNotFoundException'{0x00000000a2e6a430}: org/gradle/initialization/DefaultSettingsBeanInfo> (0x00000000a2e6a430) 
thrown [s\src\hotspot\share\classfile\systemDictionary.cpp, line 256]
Event: 12.933 Thread 0x000001d493ecc690 Exception <a 'java/lang/ClassNotFoundException'{0x00000000a2e79280}: org/gradle/initialization/DefaultSettingsCustomizer> (0x00000000a2e79280) 
thrown [s\src\hotspot\share\classfile\systemDictionary.cpp, line 256]
Event: 12.948 Thread 0x000001d493ecc690 Exception <a 'java/lang/ClassNotFoundException'{0x00000000a2eb70d0}: org/gradle/initialization/DefaultSettings_DecoratedCustomizer> (0x00000000a2eb70d0) 
thrown [s\src\hotspot\share\classfile\systemDictionary.cpp, line 256]
Event: 12.963 Thread 0x000001d493ecc690 Implicit null exception at 0x000001d487c5d36c to 0x000001d487c5d410
Event: 13.694 Thread 0x000001d493ecf6b0 Exception <a 'java/lang/NoSuchMethodError'{0x00000000a49cabe0}: static Lorg/gradle/internal/build/event/types/DefaultOperationStartedProgressEvent;.<clinit>()V> (0x00000000a49cabe0) 
thrown [s\src\hotspot\share\prims\jni.cpp, line 1108]
Event: 13.695 Thread 0x000001d493ecf6b0 Exception <a 'java/lang/NoSuchMethodError'{0x00000000a49cc4a8}: static Lorg/gradle/internal/build/event/types/AbstractProgressEvent;.<clinit>()V> (0x00000000a49cc4a8) 
thrown [s\src\hotspot\share\prims\jni.cpp, line 1108]
Event: 13.697 Thread 0x000001d493ecf6b0 Exception <a 'java/lang/NoSuchMethodError'{0x00000000a49dd500}: static Lorg/gradle/internal/build/event/types/DefaultProjectConfigurationDescriptor;.<clinit>()V> (0x00000000a49dd500) 
thrown [s\src\hotspot\share\prims\jni.cpp, line 1108]
Event: 13.698 Thread 0x000001d493ecf6b0 Exception <a 'java/lang/NoSuchMethodError'{0x00000000a49dfa78}: static Lorg/gradle/internal/build/event/types/DefaultOperationDescriptor;.<clinit>()V> (0x00000000a49dfa78) 
thrown [s\src\hotspot\share\prims\jni.cpp, line 1108]
Event: 13.704 Thread 0x000001d493ecf6b0 Exception <a 'java/lang/NoSuchMethodError'{0x00000000a49f5668}: static Lorg/gradle/internal/operations/OperationIdentifier;.<clinit>()V> (0x00000000a49f5668) 
thrown [s\src\hotspot\share\prims\jni.cpp, line 1108]
Event: 14.072 Thread 0x000001d493ecc690 Implicit null exception at 0x000001d487b01558 to 0x000001d487b015ea

VM Operations (20 events):
Event: 10.833 Executing VM operation: HandshakeAllThreads
Event: 10.833 Executing VM operation: HandshakeAllThreads done
Event: 11.159 Executing VM operation: G1CollectForAllocation
Event: 11.188 Executing VM operation: G1CollectForAllocation done
Event: 11.266 Executing VM operation: G1Concurrent
Event: 11.313 Executing VM operation: G1Concurrent done
Event: 11.331 Executing VM operation: G1Concurrent
Event: 11.331 Executing VM operation: G1Concurrent done
Event: 12.346 Executing VM operation: Cleanup
Event: 12.396 Executing VM operation: Cleanup done
Event: 13.188 Executing VM operation: G1CollectForAllocation
Event: 13.203 Executing VM operation: G1CollectForAllocation done
Event: 13.428 Executing VM operation: HandshakeAllThreads
Event: 13.428 Executing VM operation: HandshakeAllThreads done
Event: 13.630 Executing VM operation: HandshakeAllThreads
Event: 13.631 Executing VM operation: HandshakeAllThreads done
Event: 13.666 Executing VM operation: HandshakeAllThreads
Event: 13.666 Executing VM operation: HandshakeAllThreads done
Event: 14.089 Executing VM operation: HandshakeAllThreads
Event: 14.089 Executing VM operation: HandshakeAllThreads done

Events (20 events):
Event: 13.692 loading class java/io/ObjectStreamClass$FieldReflector done
Event: 13.693 loading class java/io/ObjectStreamClass$1
Event: 13.693 loading class java/io/ObjectStreamClass$1 done
Event: 13.693 loading class java/io/ObjectStreamClass$MemberSignature
Event: 13.694 loading class java/io/ObjectStreamClass$MemberSignature done
Event: 13.694 loading class java/io/ObjectStreamClass$3
Event: 13.694 loading class java/io/ObjectStreamClass$3 done
Event: 13.694 loading class java/io/ObjectStreamClass$4
Event: 13.694 loading class java/io/ObjectStreamClass$4 done
Event: 13.694 loading class java/io/ObjectStreamClass$5
Event: 13.694 loading class java/io/ObjectStreamClass$5 done
Event: 13.695 loading class java/io/ObjectStreamClass$ClassDataSlot
Event: 13.695 loading class java/io/ObjectStreamClass$ClassDataSlot done
Event: 13.699 loading class jdk/internal/reflect/UnsafeQualifiedStaticLongFieldAccessorImpl
Event: 13.699 loading class jdk/internal/reflect/UnsafeQualifiedStaticLongFieldAccessorImpl done
Event: 13.705 loading class java/io/SerialCallbackContext
Event: 13.705 loading class java/io/SerialCallbackContext done
Event: 13.708 Thread 0x000001d497026030 Thread added: 0x000001d497026030
Event: 14.142 loading class java/lang/StringIndexOutOfBoundsException
Event: 14.142 loading class java/lang/StringIndexOutOfBoundsException done


Dynamic libraries:
0x00007ff663070000 - 0x00007ff66307a000 	C:\Program Files\Android\Android Studio\jbr\bin\java.exe
0x00007ff85ae70000 - 0x00007ff85b087000 	C:\Windows\SYSTEM32\ntdll.dll
0x00007ff859bf0000 - 0x00007ff859cb4000 	C:\Windows\System32\KERNEL32.DLL
0x00007ff858790000 - 0x00007ff858b36000 	C:\Windows\System32\KERNELBASE.dll
0x00007ff8581b0000 - 0x00007ff8582c1000 	C:\Windows\System32\ucrtbase.dll
0x00007ff846360000 - 0x00007ff846377000 	C:\Program Files\Android\Android Studio\jbr\bin\jli.dll
0x00007ff859320000 - 0x00007ff8594ce000 	C:\Windows\System32\USER32.dll
0x00007ff8583f0000 - 0x00007ff858416000 	C:\Windows\System32\win32u.dll
0x00007ff8594d0000 - 0x00007ff8594f9000 	C:\Windows\System32\GDI32.dll
0x00007ff8582d0000 - 0x00007ff8583e8000 	C:\Windows\System32\gdi32full.dll
0x00007ff858600000 - 0x00007ff85869a000 	C:\Windows\System32\msvcp_win.dll
0x00007ff846780000 - 0x00007ff84679b000 	C:\Program Files\Android\Android Studio\jbr\bin\VCRUNTIME140.dll
0x00007ff840210000 - 0x00007ff8404a3000 	C:\Windows\WinSxS\amd64_microsoft.windows.common-controls_6595b64144ccf1df_6.0.22621.2506_none_270c5ae97388e100\COMCTL32.dll
0x00007ff859eb0000 - 0x00007ff859f57000 	C:\Windows\System32\msvcrt.dll
0x00007ff85aac0000 - 0x00007ff85aaf1000 	C:\Windows\System32\IMM32.DLL
0x00007ff852f30000 - 0x00007ff852f3c000 	C:\Program Files\Android\Android Studio\jbr\bin\vcruntime140_1.dll
0x00007ff845320000 - 0x00007ff8453ad000 	C:\Program Files\Android\Android Studio\jbr\bin\msvcp140.dll
0x00007ff819c80000 - 0x00007ff81a900000 	C:\Program Files\Android\Android Studio\jbr\bin\server\jvm.dll
0x00007ff85ad40000 - 0x00007ff85adf3000 	C:\Windows\System32\ADVAPI32.dll
0x00007ff859270000 - 0x00007ff859318000 	C:\Windows\System32\sechost.dll
0x00007ff858760000 - 0x00007ff858788000 	C:\Windows\System32\bcrypt.dll
0x00007ff859150000 - 0x00007ff859267000 	C:\Windows\System32\RPCRT4.dll
0x00007ff854ef0000 - 0x00007ff854ef9000 	C:\Windows\SYSTEM32\WSOCK32.dll
0x00007ff85ac60000 - 0x00007ff85acd1000 	C:\Windows\System32\WS2_32.dll
0x00007ff84f930000 - 0x00007ff84f964000 	C:\Windows\SYSTEM32\WINMM.dll
0x00007ff84f200000 - 0x00007ff84f20a000 	C:\Windows\SYSTEM32\VERSION.dll
0x00007ff8571f0000 - 0x00007ff857208000 	C:\Windows\SYSTEM32\kernel.appcore.dll
0x00007ff854cb0000 - 0x00007ff854cba000 	C:\Program Files\Android\Android Studio\jbr\bin\jimage.dll
0x00007ff855a20000 - 0x00007ff855c53000 	C:\Windows\SYSTEM32\DBGHELP.DLL
0x00007ff859600000 - 0x00007ff859989000 	C:\Windows\System32\combase.dll
0x00007ff859f60000 - 0x00007ff85a037000 	C:\Windows\System32\OLEAUT32.dll
0x00007ff83ae80000 - 0x00007ff83aeb2000 	C:\Windows\SYSTEM32\dbgcore.DLL
0x00007ff858b40000 - 0x00007ff858bba000 	C:\Windows\System32\bcryptPrimitives.dll
0x00007ff848780000 - 0x00007ff8487a5000 	C:\Program Files\Android\Android Studio\jbr\bin\java.dll
0x00007ff848740000 - 0x00007ff848758000 	C:\Program Files\Android\Android Studio\jbr\bin\zip.dll
0x00007ff85a040000 - 0x00007ff85a89b000 	C:\Windows\System32\SHELL32.dll
0x00007ff856110000 - 0x00007ff856a06000 	C:\Windows\SYSTEM32\windows.storage.dll
0x00007ff855fd0000 - 0x00007ff85610e000 	C:\Windows\SYSTEM32\wintypes.dll
0x00007ff859990000 - 0x00007ff859a83000 	C:\Windows\System32\SHCORE.dll
0x00007ff859b90000 - 0x00007ff859bee000 	C:\Windows\System32\shlwapi.dll
0x00007ff8580e0000 - 0x00007ff858106000 	C:\Windows\SYSTEM32\profapi.dll
0x00007ff847400000 - 0x00007ff847419000 	C:\Program Files\Android\Android Studio\jbr\bin\net.dll
0x00007ff8523f0000 - 0x00007ff852527000 	C:\Windows\SYSTEM32\WINHTTP.dll
0x00007ff857670000 - 0x00007ff8576d9000 	C:\Windows\system32\mswsock.dll
0x00007ff8471e0000 - 0x00007ff8471f6000 	C:\Program Files\Android\Android Studio\jbr\bin\nio.dll
0x00007ff846750000 - 0x00007ff846760000 	C:\Program Files\Android\Android Studio\jbr\bin\verify.dll
0x00007ff8529e0000 - 0x00007ff852a07000 	C:\Users\poorn\.gradle\native\e1d6ef7f7dcc3fd88c89a11ec53ec762bb8ba0a96d01ffa2cd45eb1d1d8dd5c5\windows-amd64\native-platform.dll
0x00007ff828410000 - 0x00007ff828554000 	C:\Users\poorn\.gradle\native\0d407fdbe67a94daf76414ababcb853783967236a71b16ec16e742cd7a986fd3\windows-amd64\native-platform-file-events.dll
0x00007ff846740000 - 0x00007ff846749000 	C:\Program Files\Android\Android Studio\jbr\bin\management.dll
0x00007ff8465c0000 - 0x00007ff8465cb000 	C:\Program Files\Android\Android Studio\jbr\bin\management_ext.dll
0x00007ff85ad30000 - 0x00007ff85ad38000 	C:\Windows\System32\PSAPI.DLL
0x00007ff8578c0000 - 0x00007ff8578db000 	C:\Windows\SYSTEM32\CRYPTSP.dll
0x00007ff857150000 - 0x00007ff857185000 	C:\Windows\system32\rsaenh.dll
0x00007ff857760000 - 0x00007ff85778c000 	C:\Windows\SYSTEM32\USERENV.dll
0x00007ff8578e0000 - 0x00007ff8578ec000 	C:\Windows\SYSTEM32\CRYPTBASE.dll
0x00007ff856c60000 - 0x00007ff856c8d000 	C:\Windows\SYSTEM32\IPHLPAPI.DLL
0x00007ff859ce0000 - 0x00007ff859ce9000 	C:\Windows\System32\NSI.dll
0x00007ff851d00000 - 0x00007ff851d19000 	C:\Windows\SYSTEM32\dhcpcsvc6.DLL
0x00007ff851ce0000 - 0x00007ff851cff000 	C:\Windows\SYSTEM32\dhcpcsvc.DLL
0x00007ff856c90000 - 0x00007ff856d89000 	C:\Windows\SYSTEM32\DNSAPI.dll
0x00007ff848730000 - 0x00007ff848738000 	C:\Windows\system32\wshunix.dll

dbghelp: loaded successfully - version: 4.0.5 - missing functions: none
symbol engine: initialized successfully - sym options: 0x614 - pdb path: .;C:\Program Files\Android\Android Studio\jbr\bin;C:\Windows\SYSTEM32;C:\Windows\WinSxS\amd64_microsoft.windows.common-controls_6595b64144ccf1df_6.0.22621.2506_none_270c5ae97388e100;C:\Program Files\Android\Android Studio\jbr\bin\server;C:\Users\poorn\.gradle\native\e1d6ef7f7dcc3fd88c89a11ec53ec762bb8ba0a96d01ffa2cd45eb1d1d8dd5c5\windows-amd64;C:\Users\poorn\.gradle\native\0d407fdbe67a94daf76414ababcb853783967236a71b16ec16e742cd7a986fd3\windows-amd64

VM Arguments:
jvm_args: --add-opens=java.base/java.util=ALL-UNNAMED --add-opens=java.base/java.lang=ALL-UNNAMED --add-opens=java.base/java.lang.invoke=ALL-UNNAMED --add-opens=java.base/java.util=ALL-UNNAMED --add-opens=java.prefs/java.util.prefs=ALL-UNNAMED --add-opens=java.prefs/java.util.prefs=ALL-UNNAMED --add-opens=java.base/java.nio.charset=ALL-UNNAMED --add-opens=java.base/java.net=ALL-UNNAMED --add-opens=java.base/java.util.concurrent.atomic=ALL-UNNAMED -Xmx1536m -Dfile.encoding=windows-1252 -Duser.country=IN -Duser.language=en -Duser.variant 
java_command: org.gradle.launcher.daemon.bootstrap.GradleDaemon 7.5
java_class_path (initial): C:\Users\poorn\.gradle\wrapper\dists\gradle-7.5-bin\f1w0cc9nuo0eivz97x2xlu9sv\gradle-7.5\lib\gradle-launcher-7.5.jar
Launcher Type: SUN_STANDARD

[Global flags]
     intx CICompilerCount                          = 3                                         {product} {ergonomic}
     uint ConcGCThreads                            = 1                                         {product} {ergonomic}
     uint G1ConcRefinementThreads                  = 4                                         {product} {ergonomic}
   size_t G1HeapRegionSize                         = 1048576                                   {product} {ergonomic}
    uintx GCDrainStackTargetSize                   = 64                                        {product} {ergonomic}
   size_t InitialHeapSize                          = 130023424                                 {product} {ergonomic}
   size_t MarkStackSize                            = 4194304                                   {product} {ergonomic}
   size_t MaxHeapSize                              = 1610612736                                {product} {command line}
   size_t MaxNewSize                               = 965738496                                 {product} {ergonomic}
   size_t MinHeapDeltaBytes                        = 1048576                                   {product} {ergonomic}
   size_t MinHeapSize                              = 8388608                                   {product} {ergonomic}
    uintx NonNMethodCodeHeapSize                   = 5832780                                {pd product} {ergonomic}
    uintx NonProfiledCodeHeapSize                  = 122912730                              {pd product} {ergonomic}
    uintx ProfiledCodeHeapSize                     = 122912730                              {pd product} {ergonomic}
    uintx ReservedCodeCacheSize                    = 251658240                              {pd product} {ergonomic}
     bool SegmentedCodeCache                       = true                                      {product} {ergonomic}
   size_t SoftMaxHeapSize                          = 1610612736                             {manageable} {ergonomic}
     bool UseCompressedClassPointers               = true                           {product lp64_product} {ergonomic}
     bool UseCompressedOops                        = true                           {product lp64_product} {ergonomic}
     bool UseG1GC                                  = true                                      {product} {ergonomic}
     bool UseLargePagesIndividualAllocation        = false                                  {pd product} {ergonomic}

Logging:
Log output configuration:
 #0: stdout all=warning uptime,level,tags
 #1: stderr all=off uptime,level,tags

Environment Variables:
JAVA_HOME=C:\Program Files\Java\jdk-21
PATH=C:\Program Files\Common Files\Oracle\Java\javapath;C:\Windows\system32;C:\Windows;C:\Windows\System32\Wbem;C:\Windows\System32\WindowsPowerShell\v1.0\;C:\Windows\System32\OpenSSH\;C:\Program Files\Java\jdk-21\bin;C:\Program Files\Git\cmd;C:\Users\poorn\AppData\Local\Programs\Python\Python312\Scripts\;C:\Users\poorn\AppData\Local\Programs\Python\Python312\;C:\Users\poorn\AppData\Local\Programs\Python\Launcher\;C:\Users\poorn\AppData\Local\Microsoft\WindowsApps;;C:\Users\poorn\AppData\Local\Programs\Microsoft VS Code\bin;C:\Program Files\JetBrains\PyCharm Community Edition 2023.3\bin;
USERNAME=poorn
OS=Windows_NT
PROCESSOR_IDENTIFIER=Intel64 Family 6 Model 140 Stepping 2, GenuineIntel
TMP=C:\Users\poorn\AppData\Local\Temp
TEMP=C:\Users\poorn\AppData\Local\Temp


JNI global refs:
JNI global refs: 23, weak refs: 0

JNI global refs memory usage: 843, weak refs: 841

OOME stack traces (most recent first):
Classloader memory used:
Loader org.gradle.internal.classloader.VisitableURLClassLoader                         : 2747K
Loader bootstrap                                                                       : 2301K
Loader org.gradle.initialization.MixInLegacyTypesClassLoader                           : 480K
Loader jdk.internal.loader.ClassLoaders$PlatformClassLoader                            : 66973B
Loader jdk.internal.loader.ClassLoaders$AppClassLoader                                 : 25674B
Loader jdk.internal.reflect.DelegatingClassLoader                                      : 6916B
Loader org.gradle.groovy.scripts.internal.DefaultScriptCompilationHandler$ScriptClassLoader: 2443B
Loader org.codehaus.groovy.runtime.callsite.CallSiteClassLoader                        : 356B

Classes loaded by more than one classloader:
Class org.gradle.internal.installation.GradleInstallation                             : loaded 2 times (x 73B)
Class org.gradle.internal.classpath.ClassPath                                         : loaded 2 times (x 68B)
Class org.gradle.api.internal.classpath.DefaultModuleRegistry                         : loaded 2 times (x 84B)
Class org.gradle.api.Action                                                           : loaded 2 times (x 68B)
Class org.gradle.api.internal.DefaultClassPathProvider                                : loaded 2 times (x 74B)
Class org.gradle.internal.installation.GradleInstallation$1                           : loaded 2 times (x 73B)
Class org.gradle.internal.classloader.FilteringClassLoader                            : loaded 2 times (x 102B)
Class org.gradle.internal.classpath.DefaultClassPath$ImmutableUniqueList$Builder      : loaded 2 times (x 73B)
Class org.gradle.internal.classloader.ClassLoaderVisitor                              : loaded 2 times (x 74B)
Class org.gradle.internal.service.DefaultServiceLocator                               : loaded 2 times (x 81B)
Class org.gradle.internal.service.UnknownServiceException                             : loaded 2 times (x 81B)
Class org.gradle.internal.classloader.DefaultClassLoaderFactory                       : loaded 2 times (x 80B)
Class org.gradle.internal.classloader.VisitableURLClassLoader$Spec                    : loaded 2 times (x 72B)
Class org.gradle.api.GradleException                                                  : loaded 2 times (x 80B)
Class org.gradle.api.internal.classpath.ModuleRegistry                                : loaded 2 times (x 68B)
Class org.gradle.api.internal.ClassPathProvider                                       : loaded 2 times (x 68B)
Class org.gradle.internal.classloader.ClasspathUtil$1                                 : loaded 2 times (x 74B)
Class org.gradle.internal.classloader.ClassLoaderFactory                              : loaded 2 times (x 68B)
Class org.gradle.api.internal.classpath.ManifestUtil                                  : loaded 2 times (x 69B)
Class org.gradle.api.specs.Spec                                                       : loaded 2 times (x 68B)
Class org.gradle.internal.IoActions                                                   : loaded 2 times (x 69B)
Class org.gradle.api.internal.classpath.EffectiveClassPath                            : loaded 2 times (x 88B)
Class org.gradle.internal.installation.CurrentGradleInstallation                      : loaded 2 times (x 71B)
Class org.gradle.internal.installation.CurrentGradleInstallationLocator               : loaded 2 times (x 69B)
Class org.gradle.api.internal.classpath.Module                                        : loaded 2 times (x 68B)
Class org.gradle.internal.service.CachingServiceLocator                               : loaded 2 times (x 80B)
Class org.gradle.internal.classpath.DefaultClassPath                                  : loaded 2 times (x 88B)
Class org.gradle.api.Transformer                                                      : loaded 2 times (x 68B)
Class org.gradle.internal.classloader.SystemClassLoaderSpec                           : loaded 2 times (x 69B)
Class org.gradle.api.UncheckedIOException                                             : loaded 2 times (x 80B)
Class org.gradle.internal.classloader.ClasspathUtil                                   : loaded 2 times (x 69B)
Class org.gradle.api.internal.DefaultClassPathRegistry                                : loaded 2 times (x 74B)
Class org.gradle.api.internal.classpath.DefaultModuleRegistry$DefaultModule           : loaded 2 times (x 84B)
Class org.gradle.api.internal.classpath.UnknownModuleException                        : loaded 2 times (x 80B)
Class org.gradle.internal.service.ServiceLookupException                              : loaded 2 times (x 80B)
Class org.gradle.cache.GlobalCache                                                    : loaded 2 times (x 68B)
Class [Lorg.gradle.api.internal.ClassPathProvider;                                    : loaded 2 times (x 67B)
Class org.gradle.util.internal.GUtil                                                  : loaded 2 times (x 69B)
Class org.gradle.internal.classloader.ClassLoaderSpec                                 : loaded 2 times (x 69B)
Class org.gradle.internal.classloader.VisitableURLClassLoader                         : loaded 2 times (x 114B)
Class org.gradle.internal.Cast                                                        : loaded 2 times (x 69B)
Class org.gradle.api.internal.ClassPathRegistry                                       : loaded 2 times (x 68B)
Class org.gradle.internal.classloader.ClassLoaderHierarchy                            : loaded 2 times (x 68B)
Class org.gradle.internal.service.ServiceLocator                                      : loaded 2 times (x 68B)
Class org.gradle.internal.classpath.DefaultClassPath$ImmutableUniqueList              : loaded 2 times (x 159B)


---------------  S Y S T E M  ---------------

OS:
 Windows 11 , 64 bit Build 22621 (10.0.22621.3085)
OS uptime: 0 days 21:22 hours

CPU: total 4 (initial active 4) (2 cores per cpu, 2 threads per core) family 6 model 140 stepping 2 microcode 0x22, cx8, cmov, fxsr, ht, mmx, 3dnowpref, sse, sse2, sse3, ssse3, sse4.1, sse4.2, popcnt, lzcnt, tsc, tscinvbit, avx, avx2, aes, erms, clmul, bmi1, bmi2, adx, avx512f, avx512dq, avx512cd, avx512bw, avx512vl, sha, fma, vzeroupper, avx512_vpopcntdq, avx512_vpclmulqdq, avx512_vaes, avx512_vnni, clflush, clflushopt, clwb, avx512_vbmi2, avx512_vbmi

Memory: 4k page, system-wide physical 7934M (498M free)
TotalPageFile size 32510M (AvailPageFile size 18M)
current process WorkingSet (physical memory assigned to process): 220M, peak: 229M
current process commit charge ("private bytes"): 246M, peak: 255M

vm_info: OpenJDK 64-Bit Server VM (17.0.7+0-b2043.56-10550314) for windows-amd64 JRE (17.0.7+0-b2043.56-10550314), built on Jul 24 2023 18:27:45 by "androidbuild" with MS VC++ 16.10 / 16.11 (VS2019)

END.
